{"ts":1719315547672,"action":"PROJECT_OPENED","tags":{"PROJECT_NAME":"ludo-review-api"}}
{"ts":1719315548136,"action":"FILE_OPENED","file":"/README.md","tags":{"FILE_LINE_OF_CODE":"5"}}
{"ts":1719315564237,"action":"IDE_DEACTIVATED"}
{"ts":1719315580449,"action":"IDE_ACTIVATED"}
{"ts":1719315586044,"action":"IDE_DEACTIVATED"}
{"ts":1719315626777,"action":"IDE_ACTIVATED"}
{"ts":1719315638771,"action":"IDE_DEACTIVATED"}
{"ts":1719315641188,"action":"IDE_ACTIVATED"}
{"ts":1719315712879,"action":"IDE_DEACTIVATED"}
{"ts":1719315713673,"action":"IDE_ACTIVATED"}
{"ts":1719315719481,"action":"IDE_DEACTIVATED"}
{"ts":1719315720882,"action":"IDE_ACTIVATED"}
{"ts":1719315731501,"action":"IDE_DEACTIVATED"}
{"ts":1719315777159,"action":"IDE_ACTIVATED"}
{"ts":1719315800841,"action":"FILE_CLOSED","file":"/README.md","tags":{"FILE_LINE_OF_CODE":"5"}}
{"ts":1719315800841,"action":"FILE_OPENED","file":"/src/main/java/com/ludo/study/studymatchingplatform/study/controller/StudyController.java","tags":{"FILE_LINE_OF_CODE":"192"}}
{"ts":1719315818073,"action":"IDE_DEACTIVATED"}
{"ts":1719315824918,"action":"IDE_ACTIVATED"}
{"ts":1719315858972,"action":"IDE_DEACTIVATED"}
{"ts":1719315882537,"action":"IDE_ACTIVATED"}
{"ts":1719315917458,"action":"IDE_DEACTIVATED"}
{"ts":1719315919828,"action":"IDE_ACTIVATED"}
{"ts":1719315946272,"action":"IDE_DEACTIVATED"}
{"ts":1719315958593,"action":"IDE_ACTIVATED"}
{"ts":1719316014555,"action":"FILE_CLOSED","file":"/src/main/java/com/ludo/study/studymatchingplatform/study/controller/StudyController.java","tags":{"FILE_LINE_OF_CODE":"201"}}
{"ts":1719316014555,"action":"FILE_OPENED","file":"/src/main/java/com/ludo/study/studymatchingplatform/study/controller/StudyController.java","tags":{"FILE_LINE_OF_CODE":"201"}}
{"ts":1719316041703,"action":"FILE_CLOSED","file":"/src/main/java/com/ludo/study/studymatchingplatform/study/controller/StudyController.java","tags":{"FILE_LINE_OF_CODE":"201"}}
{"ts":1719316041703,"action":"FILE_OPENED","file":"/src/main/java/com/ludo/study/studymatchingplatform/study/service/study/ReviewStatisticsService.java","tags":{"FILE_LINE_OF_CODE":"55"}}
{"ts":1719316056748,"action":"FILE_CLOSED","file":"/src/main/java/com/ludo/study/studymatchingplatform/study/service/study/ReviewStatisticsService.java","tags":{"FILE_LINE_OF_CODE":"55"}}
{"ts":1719316056752,"action":"FILE_OPENED","file":"/src/main/java/com/ludo/study/studymatchingplatform/study/controller/StudyController.java","tags":{"FILE_LINE_OF_CODE":"201"}}
{"ts":1719316063576,"action":"FILE_CLOSED","file":"/src/main/java/com/ludo/study/studymatchingplatform/study/controller/StudyController.java","tags":{"FILE_LINE_OF_CODE":"201"}}
{"ts":1719316063576,"action":"FILE_OPENED","file":"/src/main/java/com/ludo/study/studymatchingplatform/study/repository/study/ReviewRepositoryImpl.java","tags":{"FILE_LINE_OF_CODE":"70"}}
{"ts":1719316074592,"action":"FILE_CLOSED","file":"/src/main/java/com/ludo/study/studymatchingplatform/study/repository/study/ReviewRepositoryImpl.java","tags":{"FILE_LINE_OF_CODE":"70"}}
{"ts":1719316074592,"action":"FILE_OPENED","file":"/src/main/java/com/ludo/study/studymatchingplatform/study/controller/StudyController.java","tags":{"FILE_LINE_OF_CODE":"201"}}
{"ts":1719316077292,"action":"FILE_CLOSED","file":"/src/main/java/com/ludo/study/studymatchingplatform/study/controller/StudyController.java","tags":{"FILE_LINE_OF_CODE":"201"}}
{"ts":1719316077292,"action":"FILE_OPENED","file":"/src/main/java/com/ludo/study/studymatchingplatform/study/repository/study/ReviewRepositoryImpl.java","tags":{"FILE_LINE_OF_CODE":"70"}}
{"ts":1719316083995,"action":"FILE_CLOSED","file":"/src/main/java/com/ludo/study/studymatchingplatform/study/repository/study/ReviewRepositoryImpl.java","tags":{"FILE_LINE_OF_CODE":"70"}}
{"ts":1719316083995,"action":"FILE_OPENED","file":"/build.gradle","tags":{"FILE_LINE_OF_CODE":"97"}}
{"ts":1719316096038,"action":"FILE_CLOSED","file":"/build.gradle","tags":{"FILE_LINE_OF_CODE":"97"}}
{"ts":1719316096038,"action":"FILE_OPENED","file":"/src/main/java/com/ludo/study/studymatchingplatform/study/controller/StudyController.java","tags":{"FILE_LINE_OF_CODE":"201"}}
{"ts":1719316108387,"action":"FILE_CLOSED","file":"/src/main/java/com/ludo/study/studymatchingplatform/study/controller/StudyController.java","tags":{"FILE_LINE_OF_CODE":"201"}}
{"ts":1719316108387,"action":"FILE_OPENED","file":"/build.gradle","tags":{"FILE_LINE_OF_CODE":"97"}}
{"ts":1719316110253,"action":"FILE_CLOSED","file":"/build.gradle","tags":{"FILE_LINE_OF_CODE":"97"}}
{"ts":1719316110256,"action":"FILE_OPENED","file":"/src/main/java/com/ludo/study/studymatchingplatform/study/repository/study/ReviewRepositoryImpl.java","tags":{"FILE_LINE_OF_CODE":"70"}}
{"ts":1719316115370,"action":"FILE_CLOSED","file":"/src/main/java/com/ludo/study/studymatchingplatform/study/repository/study/ReviewRepositoryImpl.java","tags":{"FILE_LINE_OF_CODE":"70"}}
{"ts":1719316115370,"action":"FILE_OPENED","file":"/src/main/java/com/ludo/study/studymatchingplatform/study/controller/StudyController.java","tags":{"FILE_LINE_OF_CODE":"201"}}
{"ts":1719316118185,"action":"FILE_CLOSED","file":"/src/main/java/com/ludo/study/studymatchingplatform/study/controller/StudyController.java","tags":{"FILE_LINE_OF_CODE":"201"}}
{"ts":1719316118185,"action":"FILE_OPENED","file":"/src/main/java/com/ludo/study/studymatchingplatform/study/repository/study/ReviewRepositoryImpl.java","tags":{"FILE_LINE_OF_CODE":"70"}}
{"ts":1719316120219,"action":"FILE_CLOSED","file":"/src/main/java/com/ludo/study/studymatchingplatform/study/repository/study/ReviewRepositoryImpl.java","tags":{"FILE_LINE_OF_CODE":"70"}}
{"ts":1719316120219,"action":"FILE_OPENED","file":"/src/main/java/com/ludo/study/studymatchingplatform/study/controller/StudyController.java","tags":{"FILE_LINE_OF_CODE":"201"}}
{"ts":1719316134713,"action":"FILE_CLOSED","file":"/src/main/java/com/ludo/study/studymatchingplatform/study/controller/StudyController.java","tags":{"FILE_LINE_OF_CODE":"201"}}
{"ts":1719316134713,"action":"FILE_OPENED","file":"/src/main/java/com/ludo/study/studymatchingplatform/study/repository/study/ReviewRepositoryImpl.java","tags":{"FILE_LINE_OF_CODE":"70"}}
{"ts":1719316146217,"action":"FILE_CLOSED","file":"/src/main/java/com/ludo/study/studymatchingplatform/study/repository/study/ReviewRepositoryImpl.java","tags":{"FILE_LINE_OF_CODE":"70"}}
{"ts":1719316146217,"action":"FILE_OPENED","file":"/src/main/java/com/ludo/study/studymatchingplatform/study/controller/StudyController.java","tags":{"FILE_LINE_OF_CODE":"201"}}
{"ts":1719316147958,"action":"FILE_CLOSED","file":"/src/main/java/com/ludo/study/studymatchingplatform/study/controller/StudyController.java","tags":{"FILE_LINE_OF_CODE":"201"}}
{"ts":1719316147958,"action":"FILE_OPENED","file":"/src/main/java/com/ludo/study/studymatchingplatform/study/repository/study/ReviewRepositoryImpl.java","tags":{"FILE_LINE_OF_CODE":"70"}}
{"ts":1719316150604,"action":"FILE_CLOSED","file":"/src/main/java/com/ludo/study/studymatchingplatform/study/repository/study/ReviewRepositoryImpl.java","tags":{"FILE_LINE_OF_CODE":"70"}}
{"ts":1719316150604,"action":"FILE_OPENED","file":"/src/main/java/com/ludo/study/studymatchingplatform/study/service/study/ReviewStatisticsService.java","tags":{"FILE_LINE_OF_CODE":"55"}}
{"ts":1719316182004,"action":"FILE_CLOSED","file":"/src/main/java/com/ludo/study/studymatchingplatform/study/service/study/ReviewStatisticsService.java","tags":{"FILE_LINE_OF_CODE":"55"}}
{"ts":1719316182004,"action":"FILE_OPENED","file":"/src/main/java/com/ludo/study/studymatchingplatform/study/service/study/StudyService.java","tags":{"FILE_LINE_OF_CODE":"256"}}
{"ts":1719316205551,"action":"FILE_CLOSED","file":"/src/main/java/com/ludo/study/studymatchingplatform/study/service/study/StudyService.java","tags":{"FILE_LINE_OF_CODE":"256"}}
{"ts":1719316205551,"action":"FILE_OPENED","file":"/src/main/java/com/ludo/study/studymatchingplatform/study/controller/StudyController.java","tags":{"FILE_LINE_OF_CODE":"201"}}
{"ts":1719316210981,"action":"FILE_CLOSED","file":"/src/main/java/com/ludo/study/studymatchingplatform/study/controller/StudyController.java","tags":{"FILE_LINE_OF_CODE":"201"}}
{"ts":1719316210981,"action":"FILE_OPENED","file":"/src/main/java/com/ludo/study/studymatchingplatform/study/service/study/StudyService.java","tags":{"FILE_LINE_OF_CODE":"256"}}
{"ts":1719316229189,"action":"IDE_DEACTIVATED"}
{"ts":1719316286892,"action":"IDE_ACTIVATED"}
{"ts":1719316287032,"action":"FILE_CLOSED","file":"/src/main/java/com/ludo/study/studymatchingplatform/study/service/study/StudyService.java","tags":{"FILE_LINE_OF_CODE":"256"}}
{"ts":1719316287032,"action":"FILE_OPENED","file":"/src/main/java/com/ludo/study/studymatchingplatform/study/controller/StudyController.java","tags":{"FILE_LINE_OF_CODE":"201"}}
{"ts":1719316290657,"action":"IDE_DEACTIVATED"}
{"ts":1719316374425,"action":"IDE_ACTIVATED"}
{"ts":1719316401801,"action":"FILE_CLOSED","file":"/src/main/java/com/ludo/study/studymatchingplatform/study/controller/StudyController.java","tags":{"FILE_LINE_OF_CODE":"192"}}
{"ts":1719316401801,"action":"FILE_OPENED","file":"/src/main/java/com/ludo/study/studymatchingplatform/study/service/study/StudyService.java","tags":{"FILE_LINE_OF_CODE":"256"}}
{"ts":1719316402366,"action":"FILE_CLOSED","file":"/src/main/java/com/ludo/study/studymatchingplatform/study/service/study/StudyService.java","tags":{"FILE_LINE_OF_CODE":"256"}}
{"ts":1719316402370,"action":"FILE_OPENED","file":"/src/main/java/com/ludo/study/studymatchingplatform/study/service/study/ReviewStatisticsService.java","tags":{"FILE_LINE_OF_CODE":"55"}}
{"ts":1719316403044,"action":"FILE_CLOSED","file":"/src/main/java/com/ludo/study/studymatchingplatform/study/service/study/ReviewStatisticsService.java","tags":{"FILE_LINE_OF_CODE":"55"}}
{"ts":1719316403048,"action":"FILE_OPENED","file":"/src/main/java/com/ludo/study/studymatchingplatform/study/repository/study/ReviewRepositoryImpl.java","tags":{"FILE_LINE_OF_CODE":"70"}}
{"ts":1719316404906,"action":"FILE_CLOSED","file":"/src/main/java/com/ludo/study/studymatchingplatform/study/repository/study/ReviewRepositoryImpl.java","tags":{"FILE_LINE_OF_CODE":"70"}}
{"ts":1719316404910,"action":"FILE_OPENED","file":"/src/main/java/com/ludo/study/studymatchingplatform/study/controller/StudyController.java","tags":{"FILE_LINE_OF_CODE":"192"}}
{"ts":1719316405757,"action":"FILE_CLOSED","file":"/src/main/java/com/ludo/study/studymatchingplatform/study/controller/StudyController.java","tags":{"FILE_LINE_OF_CODE":"192"}}
{"ts":1719316405758,"action":"FILE_OPENED","file":"/src/main/java/com/ludo/study/studymatchingplatform/study/controller/StudyController.java","tags":{"FILE_LINE_OF_CODE":"192"}}
{"ts":1719316409909,"action":"FILE_CLOSED","file":"/src/main/java/com/ludo/study/studymatchingplatform/study/controller/StudyController.java","tags":{"FILE_LINE_OF_CODE":"192"}}
{"ts":1719316409917,"action":"FILE_OPENED","file":"/src/main/java/com/ludo/study/studymatchingplatform/study/service/study/StudyFetchService.java","tags":{"FILE_LINE_OF_CODE":"46"}}
{"ts":1719316411927,"action":"FILE_CLOSED","file":"/src/main/java/com/ludo/study/studymatchingplatform/study/service/study/StudyFetchService.java","tags":{"FILE_LINE_OF_CODE":"46"}}
{"ts":1719316411927,"action":"FILE_OPENED","file":"/src/main/java/com/ludo/study/studymatchingplatform/study/service/dto/response/study/StudyResponse.java","tags":{"FILE_LINE_OF_CODE":"79"}}
{"ts":1719316418958,"action":"FILE_CLOSED","file":"/src/main/java/com/ludo/study/studymatchingplatform/study/service/dto/response/study/StudyResponse.java","tags":{"FILE_LINE_OF_CODE":"79"}}
{"ts":1719316418958,"action":"FILE_OPENED","file":"/src/main/java/com/ludo/study/studymatchingplatform/study/service/dto/response/study/participant/ParticipantUserResponse.java","tags":{"FILE_LINE_OF_CODE":"41"}}
{"ts":1719316444498,"action":"FILE_CLOSED","file":"/src/main/java/com/ludo/study/studymatchingplatform/study/service/dto/response/study/participant/ParticipantUserResponse.java","tags":{"FILE_LINE_OF_CODE":"41"}}
{"ts":1719316444498,"action":"FILE_OPENED","file":"/src/main/java/com/ludo/study/studymatchingplatform/study/service/dto/response/study/StudyResponse.java","tags":{"FILE_LINE_OF_CODE":"79"}}
{"ts":1719316452346,"action":"FILE_CLOSED","file":"/src/main/java/com/ludo/study/studymatchingplatform/study/service/dto/response/study/StudyResponse.java","tags":{"FILE_LINE_OF_CODE":"79"}}
{"ts":1719316452346,"action":"FILE_OPENED","file":"/src/main/java/com/ludo/study/studymatchingplatform/study/service/dto/response/study/participant/ParticipantUserResponse.java","tags":{"FILE_LINE_OF_CODE":"41"}}
{"ts":1719316479792,"action":"IDE_DEACTIVATED"}
{"ts":1719316505177,"action":"IDE_ACTIVATED"}
{"ts":1719316568030,"action":"FILE_CLOSED","file":"/src/main/java/com/ludo/study/studymatchingplatform/study/service/dto/response/study/participant/ParticipantUserResponse.java","tags":{"FILE_LINE_OF_CODE":"42"}}
{"ts":1719316568030,"action":"FILE_OPENED","file":"/src/main/java/com/ludo/study/studymatchingplatform/study/service/dto/response/study/participant/ParticipantUserResponse.java","tags":{"FILE_LINE_OF_CODE":"42"}}
{"ts":1719316575394,"action":"FILE_CLOSED","file":"/src/main/java/com/ludo/study/studymatchingplatform/study/service/dto/response/study/participant/ParticipantUserResponse.java","tags":{"FILE_LINE_OF_CODE":"42"}}
{"ts":1719316575394,"action":"FILE_OPENED","file":"/src/main/java/com/ludo/study/studymatchingplatform/study/service/study/ReviewStatisticsService.java","tags":{"FILE_LINE_OF_CODE":"55"}}
{"ts":1719316598223,"action":"FILE_CLOSED","file":"/src/main/java/com/ludo/study/studymatchingplatform/study/service/study/ReviewStatisticsService.java","tags":{"FILE_LINE_OF_CODE":"55"}}
{"ts":1719316598223,"action":"FILE_OPENED","file":"/src/main/java/com/ludo/study/studymatchingplatform/study/service/dto/response/study/participant/ParticipantUserResponse.java","tags":{"FILE_LINE_OF_CODE":"42"}}
{"ts":1719316633914,"action":"FILE_CLOSED","file":"/src/main/java/com/ludo/study/studymatchingplatform/study/service/dto/response/study/participant/ParticipantUserResponse.java","tags":{"FILE_LINE_OF_CODE":"58"}}
{"ts":1719316633914,"action":"FILE_OPENED","file":"/src/main/java/com/ludo/study/studymatchingplatform/study/service/study/ReviewStatisticsService.java","tags":{"FILE_LINE_OF_CODE":"55"}}
{"ts":1719316654192,"action":"IDE_DEACTIVATED"}
{"ts":1719316749426,"action":"IDE_ACTIVATED"}
{"ts":1719316749713,"action":"FILE_CLOSED","file":"/src/main/java/com/ludo/study/studymatchingplatform/study/service/study/ReviewStatisticsService.java","tags":{"FILE_LINE_OF_CODE":"55"}}
{"ts":1719316749713,"action":"FILE_OPENED","file":"/src/main/java/com/ludo/study/studymatchingplatform/study/service/dto/response/study/participant/ParticipantUserResponse.java","tags":{"FILE_LINE_OF_CODE":"58"}}
{"ts":1719316757456,"action":"FILE_CLOSED","file":"/src/main/java/com/ludo/study/studymatchingplatform/study/service/dto/response/study/participant/ParticipantUserResponse.java","tags":{"FILE_LINE_OF_CODE":"58"}}
{"ts":1719316757457,"action":"FILE_OPENED","file":"/src/main/java/com/ludo/study/studymatchingplatform/study/domain/study/ReviewStatistics.java","tags":{"FILE_LINE_OF_CODE":"127"}}
{"ts":1719316760837,"action":"FILE_CLOSED","file":"/src/main/java/com/ludo/study/studymatchingplatform/study/domain/study/ReviewStatistics.java","tags":{"FILE_LINE_OF_CODE":"127"}}
{"ts":1719316760840,"action":"FILE_OPENED","file":"/src/main/java/com/ludo/study/studymatchingplatform/study/service/dto/response/study/participant/ParticipantUserResponse.java","tags":{"FILE_LINE_OF_CODE":"58"}}
{"ts":1719316768678,"action":"FILE_CLOSED","file":"/src/main/java/com/ludo/study/studymatchingplatform/study/service/dto/response/study/participant/ParticipantUserResponse.java","tags":{"FILE_LINE_OF_CODE":"59"}}
{"ts":1719316768678,"action":"FILE_OPENED","file":"/src/main/java/com/ludo/study/studymatchingplatform/study/domain/study/Review.java","tags":{"FILE_LINE_OF_CODE":"75"}}
{"ts":1719316773217,"action":"FILE_CLOSED","file":"/src/main/java/com/ludo/study/studymatchingplatform/study/domain/study/Review.java","tags":{"FILE_LINE_OF_CODE":"75"}}
{"ts":1719316773219,"action":"FILE_OPENED","file":"/src/main/java/com/ludo/study/studymatchingplatform/study/service/dto/response/study/participant/ParticipantUserResponse.java","tags":{"FILE_LINE_OF_CODE":"59"}}
{"ts":1719316810822,"action":"FILE_CLOSED","file":"/src/main/java/com/ludo/study/studymatchingplatform/study/service/dto/response/study/participant/ParticipantUserResponse.java","tags":{"FILE_LINE_OF_CODE":"61"}}
{"ts":1719316810822,"action":"FILE_OPENED","file":"/src/main/java/com/ludo/study/studymatchingplatform/study/service/study/ReviewStatisticsService.java","tags":{"FILE_LINE_OF_CODE":"55"}}
{"ts":1719316811406,"action":"FILE_CLOSED","file":"/src/main/java/com/ludo/study/studymatchingplatform/study/service/study/ReviewStatisticsService.java","tags":{"FILE_LINE_OF_CODE":"55"}}
{"ts":1719316811406,"action":"FILE_OPENED","file":"/src/main/java/com/ludo/study/studymatchingplatform/study/service/dto/response/study/participant/ParticipantUserResponse.java","tags":{"FILE_LINE_OF_CODE":"61"}}
{"ts":1719316820275,"action":"FILE_CLOSED","file":"/src/main/java/com/ludo/study/studymatchingplatform/study/service/dto/response/study/participant/ParticipantUserResponse.java","tags":{"FILE_LINE_OF_CODE":"61"}}
{"ts":1719316820275,"action":"FILE_OPENED","file":"/src/main/java/com/ludo/study/studymatchingplatform/study/service/study/StudyService.java","tags":{"FILE_LINE_OF_CODE":"256"}}
{"ts":1719316831368,"action":"FILE_CLOSED","file":"/src/main/java/com/ludo/study/studymatchingplatform/study/service/study/StudyService.java","tags":{"FILE_LINE_OF_CODE":"256"}}
{"ts":1719316831368,"action":"FILE_OPENED","file":"/src/main/java/com/ludo/study/studymatchingplatform/study/service/study/StudyCreateService.java","tags":{"FILE_LINE_OF_CODE":"156"}}
{"ts":1719316835098,"action":"FILE_CLOSED","file":"/src/main/java/com/ludo/study/studymatchingplatform/study/service/study/StudyCreateService.java","tags":{"FILE_LINE_OF_CODE":"156"}}
{"ts":1719316835098,"action":"FILE_OPENED","file":"/src/main/java/com/ludo/study/studymatchingplatform/study/service/study/ReviewFacade.java","tags":{"FILE_LINE_OF_CODE":"81"}}
{"ts":1719316838413,"action":"FILE_CLOSED","file":"/src/main/java/com/ludo/study/studymatchingplatform/study/service/study/ReviewFacade.java","tags":{"FILE_LINE_OF_CODE":"81"}}
{"ts":1719316838413,"action":"FILE_OPENED","file":"/src/main/java/com/ludo/study/studymatchingplatform/study/service/study/FixedUtcDateTimePicker.java","tags":{"FILE_LINE_OF_CODE":"58"}}
{"ts":1719316840592,"action":"FILE_CLOSED","file":"/src/main/java/com/ludo/study/studymatchingplatform/study/service/study/FixedUtcDateTimePicker.java","tags":{"FILE_LINE_OF_CODE":"58"}}
{"ts":1719316840592,"action":"FILE_OPENED","file":"/src/main/java/com/ludo/study/studymatchingplatform/study/service/study/ReviewService.java","tags":{"FILE_LINE_OF_CODE":"37"}}
{"ts":1719316841425,"action":"FILE_CLOSED","file":"/src/main/java/com/ludo/study/studymatchingplatform/study/service/study/ReviewService.java","tags":{"FILE_LINE_OF_CODE":"37"}}
{"ts":1719316841425,"action":"FILE_OPENED","file":"/src/main/java/com/ludo/study/studymatchingplatform/study/service/study/ReviewStatisticsService.java","tags":{"FILE_LINE_OF_CODE":"55"}}
{"ts":1719316842050,"action":"FILE_CLOSED","file":"/src/main/java/com/ludo/study/studymatchingplatform/study/service/study/ReviewStatisticsService.java","tags":{"FILE_LINE_OF_CODE":"55"}}
{"ts":1719316842050,"action":"FILE_OPENED","file":"/src/main/java/com/ludo/study/studymatchingplatform/study/service/study/StudyCreateService.java","tags":{"FILE_LINE_OF_CODE":"156"}}
{"ts":1719316842665,"action":"FILE_CLOSED","file":"/src/main/java/com/ludo/study/studymatchingplatform/study/service/study/StudyCreateService.java","tags":{"FILE_LINE_OF_CODE":"156"}}
{"ts":1719316842665,"action":"FILE_OPENED","file":"/src/main/java/com/ludo/study/studymatchingplatform/study/service/study/StudyFetchService.java","tags":{"FILE_LINE_OF_CODE":"46"}}
{"ts":1719316843215,"action":"FILE_CLOSED","file":"/src/main/java/com/ludo/study/studymatchingplatform/study/service/study/StudyFetchService.java","tags":{"FILE_LINE_OF_CODE":"46"}}
{"ts":1719316843215,"action":"FILE_OPENED","file":"/src/main/java/com/ludo/study/studymatchingplatform/study/service/study/StudyService.java","tags":{"FILE_LINE_OF_CODE":"256"}}
{"ts":1719316843794,"action":"FILE_CLOSED","file":"/src/main/java/com/ludo/study/studymatchingplatform/study/service/study/StudyService.java","tags":{"FILE_LINE_OF_CODE":"256"}}
{"ts":1719316843794,"action":"FILE_OPENED","file":"/src/main/java/com/ludo/study/studymatchingplatform/study/service/study/StudyStatisticsResponse.java","tags":{"FILE_LINE_OF_CODE":"38"}}
{"ts":1719316844378,"action":"FILE_CLOSED","file":"/src/main/java/com/ludo/study/studymatchingplatform/study/service/study/StudyStatisticsResponse.java","tags":{"FILE_LINE_OF_CODE":"38"}}
{"ts":1719316844378,"action":"FILE_OPENED","file":"/src/main/java/com/ludo/study/studymatchingplatform/study/service/study/StudyStatusService.java","tags":{"FILE_LINE_OF_CODE":"85"}}
{"ts":1719316845060,"action":"FILE_CLOSED","file":"/src/main/java/com/ludo/study/studymatchingplatform/study/service/study/StudyStatusService.java","tags":{"FILE_LINE_OF_CODE":"85"}}
{"ts":1719316845060,"action":"FILE_OPENED","file":"/src/main/java/com/ludo/study/studymatchingplatform/study/service/study/StudyUpdateService.java","tags":{"FILE_LINE_OF_CODE":"109"}}
{"ts":1719316847644,"action":"IDE_DEACTIVATED"}
{"ts":1719316852600,"action":"IDE_ACTIVATED"}
{"ts":1719316852887,"action":"FILE_CLOSED","file":"/src/main/java/com/ludo/study/studymatchingplatform/study/service/study/StudyUpdateService.java","tags":{"FILE_LINE_OF_CODE":"109"}}
{"ts":1719316852887,"action":"FILE_OPENED","file":"/src/main/java/com/ludo/study/studymatchingplatform/study/service/study/StudyStatisticsResponse.java","tags":{"FILE_LINE_OF_CODE":"38"}}
{"ts":1719316854595,"action":"FILE_CLOSED","file":"/src/main/java/com/ludo/study/studymatchingplatform/study/service/study/StudyStatisticsResponse.java","tags":{"FILE_LINE_OF_CODE":"38"}}
{"ts":1719316854595,"action":"FILE_OPENED","file":"/src/main/java/com/ludo/study/studymatchingplatform/study/service/study/StudyStatusService.java","tags":{"FILE_LINE_OF_CODE":"85"}}
{"ts":1719316860089,"action":"FILE_CLOSED","file":"/src/main/java/com/ludo/study/studymatchingplatform/study/service/study/StudyStatusService.java","tags":{"FILE_LINE_OF_CODE":"85"}}
{"ts":1719316860089,"action":"FILE_OPENED","file":"/src/main/java/com/ludo/study/studymatchingplatform/study/service/study/StudyUpdateService.java","tags":{"FILE_LINE_OF_CODE":"109"}}
{"ts":1719316865493,"action":"FILE_CLOSED","file":"/src/main/java/com/ludo/study/studymatchingplatform/study/service/study/StudyUpdateService.java","tags":{"FILE_LINE_OF_CODE":"109"}}
{"ts":1719316865493,"action":"FILE_OPENED","file":"/src/main/java/com/ludo/study/studymatchingplatform/StudyMatchingPlatformApplication.java","tags":{"FILE_LINE_OF_CODE":"18"}}
{"ts":1719316867373,"action":"FILE_CLOSED","file":"/src/main/java/com/ludo/study/studymatchingplatform/StudyMatchingPlatformApplication.java","tags":{"FILE_LINE_OF_CODE":"18"}}
{"ts":1719316867374,"action":"FILE_OPENED","file":"/src/main/java/com/ludo/study/studymatchingplatform/study/service/study/StudyStatusService.java","tags":{"FILE_LINE_OF_CODE":"85"}}
{"ts":1719316869369,"action":"FILE_CLOSED","file":"/src/main/java/com/ludo/study/studymatchingplatform/study/service/study/StudyStatusService.java","tags":{"FILE_LINE_OF_CODE":"85"}}
{"ts":1719316869369,"action":"FILE_OPENED","file":"/src/main/java/com/ludo/study/studymatchingplatform/study/service/study/StudyStatisticsResponse.java","tags":{"FILE_LINE_OF_CODE":"38"}}
{"ts":1719316869906,"action":"FILE_CLOSED","file":"/src/main/java/com/ludo/study/studymatchingplatform/study/service/study/StudyStatisticsResponse.java","tags":{"FILE_LINE_OF_CODE":"38"}}
{"ts":1719316869906,"action":"FILE_OPENED","file":"/src/main/java/com/ludo/study/studymatchingplatform/study/service/study/StudyService.java","tags":{"FILE_LINE_OF_CODE":"256"}}
{"ts":1719316876094,"action":"FILE_CLOSED","file":"/src/main/java/com/ludo/study/studymatchingplatform/study/service/study/StudyService.java","tags":{"FILE_LINE_OF_CODE":"256"}}
{"ts":1719316876094,"action":"FILE_OPENED","file":"/src/main/java/com/ludo/study/studymatchingplatform/study/service/study/StudyFetchService.java","tags":{"FILE_LINE_OF_CODE":"46"}}
{"ts":1719316879249,"action":"FILE_CLOSED","file":"/src/main/java/com/ludo/study/studymatchingplatform/study/service/study/StudyFetchService.java","tags":{"FILE_LINE_OF_CODE":"46"}}
{"ts":1719316879249,"action":"FILE_OPENED","file":"/src/main/java/com/ludo/study/studymatchingplatform/study/service/study/StudyCreateService.java","tags":{"FILE_LINE_OF_CODE":"156"}}
{"ts":1719316880933,"action":"FILE_CLOSED","file":"/src/main/java/com/ludo/study/studymatchingplatform/study/service/study/StudyCreateService.java","tags":{"FILE_LINE_OF_CODE":"156"}}
{"ts":1719316880934,"action":"FILE_OPENED","file":"/src/main/java/com/ludo/study/studymatchingplatform/study/service/study/ReviewStatisticsService.java","tags":{"FILE_LINE_OF_CODE":"55"}}
{"ts":1719316881646,"action":"FILE_CLOSED","file":"/src/main/java/com/ludo/study/studymatchingplatform/study/service/study/ReviewStatisticsService.java","tags":{"FILE_LINE_OF_CODE":"55"}}
{"ts":1719316881646,"action":"FILE_OPENED","file":"/src/main/java/com/ludo/study/studymatchingplatform/study/service/study/ReviewService.java","tags":{"FILE_LINE_OF_CODE":"37"}}
{"ts":1719316883480,"action":"FILE_CLOSED","file":"/src/main/java/com/ludo/study/studymatchingplatform/study/service/study/ReviewService.java","tags":{"FILE_LINE_OF_CODE":"37"}}
{"ts":1719316883480,"action":"FILE_OPENED","file":"/src/main/java/com/ludo/study/studymatchingplatform/study/service/study/ReviewFacade.java","tags":{"FILE_LINE_OF_CODE":"81"}}
{"ts":1719316884373,"action":"FILE_CLOSED","file":"/src/main/java/com/ludo/study/studymatchingplatform/study/service/study/ReviewFacade.java","tags":{"FILE_LINE_OF_CODE":"81"}}
{"ts":1719316884373,"action":"FILE_OPENED","file":"/src/main/java/com/ludo/study/studymatchingplatform/study/service/study/FixedUtcDateTimePicker.java","tags":{"FILE_LINE_OF_CODE":"58"}}
{"ts":1719316895017,"action":"FILE_CLOSED","file":"/src/main/java/com/ludo/study/studymatchingplatform/study/service/study/FixedUtcDateTimePicker.java","tags":{"FILE_LINE_OF_CODE":"58"}}
{"ts":1719316895017,"action":"FILE_OPENED","file":"/src/main/java/com/ludo/study/studymatchingplatform/study/repository/study/ReviewStatisticsJpaRepository.java","tags":{"FILE_LINE_OF_CODE":"8"}}
{"ts":1719316895492,"action":"FILE_CLOSED","file":"/src/main/java/com/ludo/study/studymatchingplatform/study/repository/study/ReviewStatisticsJpaRepository.java","tags":{"FILE_LINE_OF_CODE":"8"}}
{"ts":1719316895492,"action":"FILE_OPENED","file":"/src/main/java/com/ludo/study/studymatchingplatform/study/repository/study/ReviewRepositoryImpl.java","tags":{"FILE_LINE_OF_CODE":"70"}}
{"ts":1719316927200,"action":"FILE_CLOSED","file":"/src/main/java/com/ludo/study/studymatchingplatform/study/repository/study/ReviewRepositoryImpl.java","tags":{"FILE_LINE_OF_CODE":"70"}}
{"ts":1719316927200,"action":"FILE_OPENED","file":"/src/main/java/com/ludo/study/studymatchingplatform/study/service/study/ReviewStatisticsService.java","tags":{"FILE_LINE_OF_CODE":"55"}}
{"ts":1719316927923,"action":"FILE_CLOSED","file":"/src/main/java/com/ludo/study/studymatchingplatform/study/service/study/ReviewStatisticsService.java","tags":{"FILE_LINE_OF_CODE":"55"}}
{"ts":1719316927923,"action":"FILE_OPENED","file":"/src/main/java/com/ludo/study/studymatchingplatform/study/repository/study/ReviewRepositoryImpl.java","tags":{"FILE_LINE_OF_CODE":"70"}}
{"ts":1719316931090,"action":"FILE_CLOSED","file":"/src/main/java/com/ludo/study/studymatchingplatform/study/repository/study/ReviewRepositoryImpl.java","tags":{"FILE_LINE_OF_CODE":"70"}}
{"ts":1719316931090,"action":"FILE_OPENED","file":"/src/main/java/com/ludo/study/studymatchingplatform/study/service/study/ReviewStatisticsService.java","tags":{"FILE_LINE_OF_CODE":"55"}}
{"ts":1719316936043,"action":"FILE_CLOSED","file":"/src/main/java/com/ludo/study/studymatchingplatform/study/service/study/ReviewStatisticsService.java","tags":{"FILE_LINE_OF_CODE":"55"}}
{"ts":1719316936043,"action":"FILE_OPENED","file":"/src/main/java/com/ludo/study/studymatchingplatform/study/repository/study/ReviewRepositoryImpl.java","tags":{"FILE_LINE_OF_CODE":"70"}}
{"ts":1719316939698,"action":"FILE_CLOSED","file":"/src/main/java/com/ludo/study/studymatchingplatform/study/repository/study/ReviewRepositoryImpl.java","tags":{"FILE_LINE_OF_CODE":"70"}}
{"ts":1719316939698,"action":"FILE_OPENED","file":"/src/main/java/com/ludo/study/studymatchingplatform/study/repository/study/ReviewStatisticsJpaRepository.java","tags":{"FILE_LINE_OF_CODE":"8"}}
{"ts":1719316955128,"action":"FILE_CLOSED","file":"/src/main/java/com/ludo/study/studymatchingplatform/study/repository/study/ReviewStatisticsJpaRepository.java","tags":{"FILE_LINE_OF_CODE":"8"}}
{"ts":1719316955128,"action":"FILE_OPENED","file":"/src/main/java/com/ludo/study/studymatchingplatform/study/service/dto/response/study/StudyResponse.java","tags":{"FILE_LINE_OF_CODE":"79"}}
{"ts":1719317033764,"action":"FILE_CLOSED","file":"/src/main/java/com/ludo/study/studymatchingplatform/study/service/dto/response/study/StudyResponse.java","tags":{"FILE_LINE_OF_CODE":"76"}}
{"ts":1719317033764,"action":"FILE_OPENED","file":"/src/main/java/com/ludo/study/studymatchingplatform/study/service/study/ReviewStatisticsService.java","tags":{"FILE_LINE_OF_CODE":"55"}}
{"ts":1719317038386,"action":"FILE_CLOSED","file":"/src/main/java/com/ludo/study/studymatchingplatform/study/service/study/ReviewStatisticsService.java","tags":{"FILE_LINE_OF_CODE":"55"}}
{"ts":1719317038386,"action":"FILE_OPENED","file":"/src/main/java/com/ludo/study/studymatchingplatform/study/service/study/StudyService.java","tags":{"FILE_LINE_OF_CODE":"256"}}
{"ts":1719317039702,"action":"FILE_CLOSED","file":"/src/main/java/com/ludo/study/studymatchingplatform/study/service/study/StudyService.java","tags":{"FILE_LINE_OF_CODE":"256"}}
{"ts":1719317039704,"action":"FILE_OPENED","file":"/src/main/java/com/ludo/study/studymatchingplatform/study/service/study/StudyFetchService.java","tags":{"FILE_LINE_OF_CODE":"46"}}
{"ts":1719317040127,"action":"FILE_CLOSED","file":"/src/main/java/com/ludo/study/studymatchingplatform/study/service/study/StudyFetchService.java","tags":{"FILE_LINE_OF_CODE":"46"}}
{"ts":1719317040127,"action":"FILE_OPENED","file":"/src/main/java/com/ludo/study/studymatchingplatform/study/service/study/ReviewStatisticsService.java","tags":{"FILE_LINE_OF_CODE":"55"}}
{"ts":1719317041972,"action":"FILE_CLOSED","file":"/src/main/java/com/ludo/study/studymatchingplatform/study/service/study/ReviewStatisticsService.java","tags":{"FILE_LINE_OF_CODE":"55"}}
{"ts":1719317041972,"action":"FILE_OPENED","file":"/src/main/java/com/ludo/study/studymatchingplatform/study/service/study/StudyService.java","tags":{"FILE_LINE_OF_CODE":"256"}}
{"ts":1719317047304,"action":"FILE_CLOSED","file":"/src/main/java/com/ludo/study/studymatchingplatform/study/service/study/StudyService.java","tags":{"FILE_LINE_OF_CODE":"256"}}
{"ts":1719317047304,"action":"FILE_OPENED","file":"/src/main/java/com/ludo/study/studymatchingplatform/study/service/study/StudyFetchService.java","tags":{"FILE_LINE_OF_CODE":"46"}}
{"ts":1719317047720,"action":"FILE_CLOSED","file":"/src/main/java/com/ludo/study/studymatchingplatform/study/service/study/StudyFetchService.java","tags":{"FILE_LINE_OF_CODE":"46"}}
{"ts":1719317047720,"action":"FILE_OPENED","file":"/src/main/java/com/ludo/study/studymatchingplatform/study/service/dto/response/study/StudyResponse.java","tags":{"FILE_LINE_OF_CODE":"76"}}
{"ts":1719317064660,"action":"FILE_CLOSED","file":"/src/main/java/com/ludo/study/studymatchingplatform/study/service/dto/response/study/StudyResponse.java","tags":{"FILE_LINE_OF_CODE":"76"}}
{"ts":1719317064660,"action":"FILE_OPENED","file":"/src/main/java/com/ludo/study/studymatchingplatform/study/service/study/StudyCreateService.java","tags":{"FILE_LINE_OF_CODE":"156"}}
{"ts":1719317071682,"action":"FILE_CLOSED","file":"/src/main/java/com/ludo/study/studymatchingplatform/study/service/study/StudyCreateService.java","tags":{"FILE_LINE_OF_CODE":"156"}}
{"ts":1719317071687,"action":"FILE_OPENED","file":"/src/main/java/com/ludo/study/studymatchingplatform/study/service/study/StudyStatisticsResponse.java","tags":{"FILE_LINE_OF_CODE":"38"}}
{"ts":1719317073794,"action":"FILE_CLOSED","file":"/src/main/java/com/ludo/study/studymatchingplatform/study/service/study/StudyStatisticsResponse.java","tags":{"FILE_LINE_OF_CODE":"38"}}
{"ts":1719317073794,"action":"FILE_OPENED","file":"/src/main/java/com/ludo/study/studymatchingplatform/study/service/dto/response/study/StudyResponse.java","tags":{"FILE_LINE_OF_CODE":"76"}}
{"ts":1719317114911,"action":"FILE_CLOSED","file":"/src/main/java/com/ludo/study/studymatchingplatform/study/service/dto/response/study/StudyResponse.java","tags":{"FILE_LINE_OF_CODE":"76"}}
{"ts":1719317114911,"action":"FILE_OPENED","file":"/src/main/java/com/ludo/study/studymatchingplatform/study/service/dto/response/study/StudyWithReviewedParticipantResponse.java","tags":{"FILE_LINE_OF_CODE":"5"}}
{"ts":1719317119875,"action":"FILE_CLOSED","file":"/src/main/java/com/ludo/study/studymatchingplatform/study/service/dto/response/study/StudyWithReviewedParticipantResponse.java","tags":{"FILE_LINE_OF_CODE":"5"}}
{"ts":1719317119875,"action":"FILE_OPENED","file":"/src/main/java/com/ludo/study/studymatchingplatform/study/service/dto/response/study/StudyResponse.java","tags":{"FILE_LINE_OF_CODE":"76"}}
{"ts":1719317127787,"action":"FILE_CLOSED","file":"/src/main/java/com/ludo/study/studymatchingplatform/study/service/dto/response/study/StudyResponse.java","tags":{"FILE_LINE_OF_CODE":"76"}}
{"ts":1719317127787,"action":"FILE_OPENED","file":"/src/main/java/com/ludo/study/studymatchingplatform/study/service/dto/response/study/StudyWithReviewedParticipantResponse.java","tags":{"FILE_LINE_OF_CODE":"5"}}
{"ts":1719317139036,"action":"FILE_CLOSED","file":"/src/main/java/com/ludo/study/studymatchingplatform/study/service/dto/response/study/StudyWithReviewedParticipantResponse.java","tags":{"FILE_LINE_OF_CODE":"73"}}
{"ts":1719317139036,"action":"FILE_OPENED","file":"/src/main/java/com/ludo/study/studymatchingplatform/study/service/dto/response/study/StudyResponse.java","tags":{"FILE_LINE_OF_CODE":"76"}}
{"ts":1719317148102,"action":"FILE_CLOSED","file":"/src/main/java/com/ludo/study/studymatchingplatform/study/service/dto/response/study/StudyResponse.java","tags":{"FILE_LINE_OF_CODE":"76"}}
{"ts":1719317148102,"action":"FILE_OPENED","file":"/src/main/java/com/ludo/study/studymatchingplatform/study/service/dto/response/study/participant/ParticipantUserResponse.java","tags":{"FILE_LINE_OF_CODE":"61"}}
{"ts":1719317156710,"action":"FILE_CLOSED","file":"/src/main/java/com/ludo/study/studymatchingplatform/study/service/dto/response/study/participant/ParticipantUserResponse.java","tags":{"FILE_LINE_OF_CODE":"61"}}
{"ts":1719317156710,"action":"FILE_OPENED","file":"/src/main/java/com/ludo/study/studymatchingplatform/study/service/dto/response/study/StudyResponse.java","tags":{"FILE_LINE_OF_CODE":"76"}}
{"ts":1719317170738,"action":"FILE_CLOSED","file":"/src/main/java/com/ludo/study/studymatchingplatform/study/service/dto/response/study/StudyResponse.java","tags":{"FILE_LINE_OF_CODE":"76"}}
{"ts":1719317170738,"action":"FILE_OPENED","file":"/src/main/java/com/ludo/study/studymatchingplatform/study/service/dto/response/study/participant/ParticipantUserWithIsReviewed.java","tags":{"FILE_LINE_OF_CODE":"5"}}
{"ts":1719317242915,"action":"FILE_CLOSED","file":"/src/main/java/com/ludo/study/studymatchingplatform/study/service/dto/response/study/participant/ParticipantUserWithIsReviewed.java","tags":{"FILE_LINE_OF_CODE":"42"}}
{"ts":1719317242915,"action":"FILE_OPENED","file":"/src/main/java/com/ludo/study/studymatchingplatform/study/service/dto/response/study/StudyResponse.java","tags":{"FILE_LINE_OF_CODE":"76"}}
{"ts":1719317252526,"action":"FILE_CLOSED","file":"/src/main/java/com/ludo/study/studymatchingplatform/study/service/dto/response/study/StudyResponse.java","tags":{"FILE_LINE_OF_CODE":"76"}}
{"ts":1719317252526,"action":"FILE_OPENED","file":"/src/main/java/com/ludo/study/studymatchingplatform/study/service/dto/response/study/participant/ParticipantUserResponse.java","tags":{"FILE_LINE_OF_CODE":"61"}}
{"ts":1719317260232,"action":"FILE_CLOSED","file":"/src/main/java/com/ludo/study/studymatchingplatform/study/service/dto/response/study/participant/ParticipantUserResponse.java","tags":{"FILE_LINE_OF_CODE":"58"}}
{"ts":1719317260232,"action":"FILE_OPENED","file":"/src/main/java/com/ludo/study/studymatchingplatform/study/service/dto/response/study/StudyResponse.java","tags":{"FILE_LINE_OF_CODE":"76"}}
{"ts":1719317262007,"action":"FILE_CLOSED","file":"/src/main/java/com/ludo/study/studymatchingplatform/study/service/dto/response/study/StudyResponse.java","tags":{"FILE_LINE_OF_CODE":"76"}}
{"ts":1719317262007,"action":"FILE_OPENED","file":"/src/main/java/com/ludo/study/studymatchingplatform/study/service/dto/response/study/participant/ParticipantUserResponse.java","tags":{"FILE_LINE_OF_CODE":"58"}}
{"ts":1719317262501,"action":"FILE_CLOSED","file":"/src/main/java/com/ludo/study/studymatchingplatform/study/service/dto/response/study/participant/ParticipantUserResponse.java","tags":{"FILE_LINE_OF_CODE":"58"}}
{"ts":1719317262501,"action":"FILE_OPENED","file":"/src/main/java/com/ludo/study/studymatchingplatform/study/service/dto/response/study/StudyResponse.java","tags":{"FILE_LINE_OF_CODE":"76"}}
{"ts":1719317264168,"action":"FILE_CLOSED","file":"/src/main/java/com/ludo/study/studymatchingplatform/study/service/dto/response/study/StudyResponse.java","tags":{"FILE_LINE_OF_CODE":"76"}}
{"ts":1719317264168,"action":"FILE_OPENED","file":"/src/main/java/com/ludo/study/studymatchingplatform/study/service/dto/response/study/participant/ParticipantUserResponse.java","tags":{"FILE_LINE_OF_CODE":"58"}}
{"ts":1719317265477,"action":"FILE_CLOSED","file":"/src/main/java/com/ludo/study/studymatchingplatform/study/service/dto/response/study/participant/ParticipantUserResponse.java","tags":{"FILE_LINE_OF_CODE":"58"}}
{"ts":1719317265478,"action":"FILE_OPENED","file":"/src/main/java/com/ludo/study/studymatchingplatform/study/service/dto/response/study/StudyResponse.java","tags":{"FILE_LINE_OF_CODE":"76"}}
{"ts":1719317278206,"action":"FILE_CLOSED","file":"/src/main/java/com/ludo/study/studymatchingplatform/study/service/dto/response/study/StudyResponse.java","tags":{"FILE_LINE_OF_CODE":"76"}}
{"ts":1719317278207,"action":"FILE_OPENED","file":"/src/main/java/com/ludo/study/studymatchingplatform/study/service/dto/response/study/participant/ParticipantUserResponse.java","tags":{"FILE_LINE_OF_CODE":"58"}}
{"ts":1719317285379,"action":"FILE_CLOSED","file":"/src/main/java/com/ludo/study/studymatchingplatform/study/service/dto/response/study/participant/ParticipantUserResponse.java","tags":{"FILE_LINE_OF_CODE":"43"}}
{"ts":1719317285379,"action":"FILE_OPENED","file":"/src/main/java/com/ludo/study/studymatchingplatform/study/service/dto/response/study/StudyResponse.java","tags":{"FILE_LINE_OF_CODE":"76"}}
{"ts":1719317306575,"action":"FILE_CLOSED","file":"/src/main/java/com/ludo/study/studymatchingplatform/study/service/dto/response/study/StudyResponse.java","tags":{"FILE_LINE_OF_CODE":"58"}}
{"ts":1719317306575,"action":"FILE_OPENED","file":"/src/main/java/com/ludo/study/studymatchingplatform/study/service/dto/response/study/participant/ParticipantUserWithIsReviewed.java","tags":{"FILE_LINE_OF_CODE":"42"}}
{"ts":1719317309490,"action":"FILE_CLOSED","file":"/src/main/java/com/ludo/study/studymatchingplatform/study/service/dto/response/study/participant/ParticipantUserWithIsReviewed.java","tags":{"FILE_LINE_OF_CODE":"42"}}
{"ts":1719317309490,"action":"FILE_OPENED","file":"/src/main/java/com/ludo/study/studymatchingplatform/study/service/dto/response/study/StudyWithReviewedParticipantResponse.java","tags":{"FILE_LINE_OF_CODE":"73"}}
{"ts":1719317323711,"action":"FILE_CLOSED","file":"/src/main/java/com/ludo/study/studymatchingplatform/study/service/dto/response/study/StudyWithReviewedParticipantResponse.java","tags":{"FILE_LINE_OF_CODE":"72"}}
{"ts":1719317323711,"action":"FILE_OPENED","file":"/src/main/java/com/ludo/study/studymatchingplatform/study/service/dto/response/study/participant/ParticipantUserWithIsReviewed.java","tags":{"FILE_LINE_OF_CODE":"42"}}
{"ts":1719317344015,"action":"FILE_CLOSED","file":"/src/main/java/com/ludo/study/studymatchingplatform/study/service/dto/response/study/participant/ParticipantUserWithIsReviewed.java","tags":{"FILE_LINE_OF_CODE":"42"}}
{"ts":1719317344015,"action":"FILE_OPENED","file":"/src/main/java/com/ludo/study/studymatchingplatform/study/service/dto/response/study/participant/ParticipantUserResponse.java","tags":{"FILE_LINE_OF_CODE":"43"}}
{"ts":1719317350607,"action":"FILE_CLOSED","file":"/src/main/java/com/ludo/study/studymatchingplatform/study/service/dto/response/study/participant/ParticipantUserResponse.java","tags":{"FILE_LINE_OF_CODE":"42"}}
{"ts":1719317350607,"action":"FILE_OPENED","file":"/src/main/java/com/ludo/study/studymatchingplatform/study/service/dto/response/study/participant/ParticipantUserWithIsReviewed.java","tags":{"FILE_LINE_OF_CODE":"42"}}
{"ts":1719317353311,"action":"FILE_CLOSED","file":"/src/main/java/com/ludo/study/studymatchingplatform/study/service/dto/response/study/participant/ParticipantUserWithIsReviewed.java","tags":{"FILE_LINE_OF_CODE":"42"}}
{"ts":1719317353311,"action":"FILE_OPENED","file":"/src/main/java/com/ludo/study/studymatchingplatform/study/service/dto/response/study/participant/ParticipantUserResponse.java","tags":{"FILE_LINE_OF_CODE":"42"}}
{"ts":1719317355374,"action":"FILE_CLOSED","file":"/src/main/java/com/ludo/study/studymatchingplatform/study/service/dto/response/study/participant/ParticipantUserResponse.java","tags":{"FILE_LINE_OF_CODE":"42"}}
{"ts":1719317355374,"action":"FILE_OPENED","file":"/src/main/java/com/ludo/study/studymatchingplatform/study/service/dto/response/study/participant/StudyParticipantResponse.java","tags":{"FILE_LINE_OF_CODE":"14"}}
{"ts":1719317355830,"action":"FILE_CLOSED","file":"/src/main/java/com/ludo/study/studymatchingplatform/study/service/dto/response/study/participant/StudyParticipantResponse.java","tags":{"FILE_LINE_OF_CODE":"14"}}
{"ts":1719317355830,"action":"FILE_OPENED","file":"/src/main/java/com/ludo/study/studymatchingplatform/study/service/dto/response/study/participant/ParticipantUserWithIsReviewed.java","tags":{"FILE_LINE_OF_CODE":"42"}}
{"ts":1719317360443,"action":"FILE_CLOSED","file":"/src/main/java/com/ludo/study/studymatchingplatform/study/service/dto/response/study/participant/ParticipantUserWithIsReviewed.java","tags":{"FILE_LINE_OF_CODE":"42"}}
{"ts":1719317360443,"action":"FILE_OPENED","file":"/src/main/java/com/ludo/study/studymatchingplatform/study/service/dto/response/study/participant/ParticipantUserResponse.java","tags":{"FILE_LINE_OF_CODE":"42"}}
{"ts":1719317361915,"action":"FILE_CLOSED","file":"/src/main/java/com/ludo/study/studymatchingplatform/study/service/dto/response/study/participant/ParticipantUserResponse.java","tags":{"FILE_LINE_OF_CODE":"42"}}
{"ts":1719317361918,"action":"FILE_OPENED","file":"/src/main/java/com/ludo/study/studymatchingplatform/study/service/dto/response/study/participant/StudyParticipantResponse.java","tags":{"FILE_LINE_OF_CODE":"14"}}
{"ts":1719317362872,"action":"FILE_CLOSED","file":"/src/main/java/com/ludo/study/studymatchingplatform/study/service/dto/response/study/participant/StudyParticipantResponse.java","tags":{"FILE_LINE_OF_CODE":"14"}}
{"ts":1719317362872,"action":"FILE_OPENED","file":"/src/main/java/com/ludo/study/studymatchingplatform/study/service/dto/response/study/participant/ParticipantUserWithIsReviewed.java","tags":{"FILE_LINE_OF_CODE":"42"}}
{"ts":1719317375205,"action":"IDE_DEACTIVATED"}
{"ts":1719317450565,"action":"IDE_ACTIVATED"}
{"ts":1719317523465,"action":"FILE_CLOSED","file":"/src/main/java/com/ludo/study/studymatchingplatform/study/service/dto/response/study/participant/ParticipantUserWithIsReviewed.java","tags":{"FILE_LINE_OF_CODE":"42"}}
{"ts":1719317523465,"action":"FILE_OPENED","file":"/src/main/java/com/ludo/study/studymatchingplatform/study/service/dto/response/study/participant/StudyParticipantResponse.java","tags":{"FILE_LINE_OF_CODE":"14"}}
{"ts":1719317529821,"action":"IDE_DEACTIVATED"}
{"ts":1719317536291,"action":"IDE_ACTIVATED"}
{"ts":1719317536400,"action":"FILE_CLOSED","file":"/src/main/java/com/ludo/study/studymatchingplatform/study/service/dto/response/study/participant/StudyParticipantResponse.java","tags":{"FILE_LINE_OF_CODE":"14"}}
{"ts":1719317536400,"action":"FILE_OPENED","file":"/src/main/java/com/ludo/study/studymatchingplatform/study/service/dto/response/study/participant/ParticipantUserWithIsReviewed.java","tags":{"FILE_LINE_OF_CODE":"42"}}
{"ts":1719317548213,"action":"FILE_CLOSED","file":"/src/main/java/com/ludo/study/studymatchingplatform/study/service/dto/response/study/participant/ParticipantUserWithIsReviewed.java","tags":{"FILE_LINE_OF_CODE":"42"}}
{"ts":1719317548213,"action":"FILE_OPENED","file":"/src/main/java/com/ludo/study/studymatchingplatform/study/service/dto/response/study/StudyWithReviewedParticipantResponse.java","tags":{"FILE_LINE_OF_CODE":"72"}}
{"ts":1719317588997,"action":"FILE_CLOSED","file":"/src/main/java/com/ludo/study/studymatchingplatform/study/service/dto/response/study/StudyWithReviewedParticipantResponse.java","tags":{"FILE_LINE_OF_CODE":"74"}}
{"ts":1719317588997,"action":"FILE_OPENED","file":"/src/main/java/com/ludo/study/studymatchingplatform/study/service/dto/response/study/participant/StudyParticipantResponse.java","tags":{"FILE_LINE_OF_CODE":"14"}}
{"ts":1719317591149,"action":"FILE_CLOSED","file":"/src/main/java/com/ludo/study/studymatchingplatform/study/service/dto/response/study/participant/StudyParticipantResponse.java","tags":{"FILE_LINE_OF_CODE":"14"}}
{"ts":1719317591153,"action":"FILE_OPENED","file":"/src/main/java/com/ludo/study/studymatchingplatform/study/service/study/ReviewStatisticsService.java","tags":{"FILE_LINE_OF_CODE":"55"}}
{"ts":1719317592226,"action":"FILE_CLOSED","file":"/src/main/java/com/ludo/study/studymatchingplatform/study/service/study/ReviewStatisticsService.java","tags":{"FILE_LINE_OF_CODE":"55"}}
{"ts":1719317592228,"action":"FILE_OPENED","file":"/src/main/java/com/ludo/study/studymatchingplatform/study/service/study/StudyService.java","tags":{"FILE_LINE_OF_CODE":"256"}}
{"ts":1719317601173,"action":"FILE_CLOSED","file":"/src/main/java/com/ludo/study/studymatchingplatform/study/service/study/StudyService.java","tags":{"FILE_LINE_OF_CODE":"256"}}
{"ts":1719317601178,"action":"FILE_OPENED","file":"/src/main/java/com/ludo/study/studymatchingplatform/study/service/dto/response/study/StudyWithReviewedParticipantResponse.java","tags":{"FILE_LINE_OF_CODE":"74"}}
{"ts":1719317607512,"action":"FILE_CLOSED","file":"/src/main/java/com/ludo/study/studymatchingplatform/study/service/dto/response/study/StudyWithReviewedParticipantResponse.java","tags":{"FILE_LINE_OF_CODE":"74"}}
{"ts":1719317607512,"action":"FILE_OPENED","file":"/src/main/java/com/ludo/study/studymatchingplatform/study/controller/StudyController.java","tags":{"FILE_LINE_OF_CODE":"192"}}
{"ts":1719317631435,"action":"IDE_DEACTIVATED"}
{"ts":1719317637149,"action":"IDE_ACTIVATED"}
{"ts":1719317690912,"action":"IDE_DEACTIVATED"}
{"ts":1719317693329,"action":"IDE_ACTIVATED"}
{"ts":1719317700377,"action":"IDE_DEACTIVATED"}
{"ts":1719317702902,"action":"IDE_ACTIVATED"}
{"ts":1719317716501,"action":"FILE_CLOSED","file":"/src/main/java/com/ludo/study/studymatchingplatform/study/controller/StudyController.java","tags":{"FILE_LINE_OF_CODE":"192"}}
{"ts":1719317716501,"action":"FILE_OPENED","file":"/src/main/java/com/ludo/study/studymatchingplatform/study/service/study/StudyFetchService.java","tags":{"FILE_LINE_OF_CODE":"46"}}
{"ts":1719317729523,"action":"FILE_CLOSED","file":"/src/main/java/com/ludo/study/studymatchingplatform/study/service/study/StudyFetchService.java","tags":{"FILE_LINE_OF_CODE":"47"}}
{"ts":1719317729523,"action":"FILE_OPENED","file":"/src/main/java/com/ludo/study/studymatchingplatform/study/controller/StudyController.java","tags":{"FILE_LINE_OF_CODE":"192"}}
{"ts":1719317734732,"action":"FILE_CLOSED","file":"/src/main/java/com/ludo/study/studymatchingplatform/study/controller/StudyController.java","tags":{"FILE_LINE_OF_CODE":"193"}}
{"ts":1719317734732,"action":"FILE_OPENED","file":"/src/main/java/com/ludo/study/studymatchingplatform/study/service/study/StudyFetchService.java","tags":{"FILE_LINE_OF_CODE":"47"}}
{"ts":1719317789695,"action":"FILE_CLOSED","file":"/src/main/java/com/ludo/study/studymatchingplatform/study/service/study/StudyFetchService.java","tags":{"FILE_LINE_OF_CODE":"52"}}
{"ts":1719317789695,"action":"FILE_OPENED","file":"/src/main/java/com/ludo/study/studymatchingplatform/study/service/dto/response/study/StudyWithReviewedParticipantResponse.java","tags":{"FILE_LINE_OF_CODE":"74"}}
{"ts":1719317815267,"action":"FILE_CLOSED","file":"/src/main/java/com/ludo/study/studymatchingplatform/study/service/dto/response/study/StudyWithReviewedParticipantResponse.java","tags":{"FILE_LINE_OF_CODE":"77"}}
{"ts":1719317815267,"action":"FILE_OPENED","file":"/src/main/java/com/ludo/study/studymatchingplatform/study/service/study/StudyFetchService.java","tags":{"FILE_LINE_OF_CODE":"52"}}
{"ts":1719317853675,"action":"FILE_CLOSED","file":"/src/main/java/com/ludo/study/studymatchingplatform/study/service/study/StudyFetchService.java","tags":{"FILE_LINE_OF_CODE":"54"}}
{"ts":1719317853675,"action":"FILE_OPENED","file":"/src/main/java/com/ludo/study/studymatchingplatform/study/service/dto/response/study/StudyWithReviewedParticipantResponse.java","tags":{"FILE_LINE_OF_CODE":"77"}}
{"ts":1719317854799,"action":"FILE_CLOSED","file":"/src/main/java/com/ludo/study/studymatchingplatform/study/service/dto/response/study/StudyWithReviewedParticipantResponse.java","tags":{"FILE_LINE_OF_CODE":"77"}}
{"ts":1719317854799,"action":"FILE_OPENED","file":"/src/main/java/com/ludo/study/studymatchingplatform/study/service/study/StudyFetchService.java","tags":{"FILE_LINE_OF_CODE":"54"}}
{"ts":1719317855982,"action":"FILE_CLOSED","file":"/src/main/java/com/ludo/study/studymatchingplatform/study/service/study/StudyFetchService.java","tags":{"FILE_LINE_OF_CODE":"54"}}
{"ts":1719317855982,"action":"FILE_OPENED","file":"/src/main/java/com/ludo/study/studymatchingplatform/study/service/dto/response/study/StudyWithReviewedParticipantResponse.java","tags":{"FILE_LINE_OF_CODE":"77"}}
{"ts":1719317962699,"action":"FILE_CLOSED","file":"/src/main/java/com/ludo/study/studymatchingplatform/study/service/dto/response/study/StudyWithReviewedParticipantResponse.java","tags":{"FILE_LINE_OF_CODE":"81"}}
{"ts":1719317962699,"action":"FILE_OPENED","file":"/src/main/java/com/ludo/study/studymatchingplatform/study/service/dto/response/study/participant/ParticipantUserWithIsReviewed.java","tags":{"FILE_LINE_OF_CODE":"42"}}
{"ts":1719317964356,"action":"FILE_CLOSED","file":"/src/main/java/com/ludo/study/studymatchingplatform/study/service/dto/response/study/participant/ParticipantUserWithIsReviewed.java","tags":{"FILE_LINE_OF_CODE":"42"}}
{"ts":1719317964356,"action":"FILE_OPENED","file":"/src/main/java/com/ludo/study/studymatchingplatform/study/service/dto/response/study/StudyWithReviewedParticipantResponse.java","tags":{"FILE_LINE_OF_CODE":"81"}}
{"ts":1719318075009,"action":"FILE_CLOSED","file":"/src/main/java/com/ludo/study/studymatchingplatform/study/service/dto/response/study/StudyWithReviewedParticipantResponse.java","tags":{"FILE_LINE_OF_CODE":"81"}}
{"ts":1719318075009,"action":"FILE_OPENED","file":"/src/main/java/com/ludo/study/studymatchingplatform/study/service/dto/response/study/participant/ParticipantUserWithIsReviewed.java","tags":{"FILE_LINE_OF_CODE":"42"}}
{"ts":1719318088523,"action":"FILE_CLOSED","file":"/src/main/java/com/ludo/study/studymatchingplatform/study/service/dto/response/study/participant/ParticipantUserWithIsReviewed.java","tags":{"FILE_LINE_OF_CODE":"42"}}
{"ts":1719318088523,"action":"FILE_OPENED","file":"/src/main/java/com/ludo/study/studymatchingplatform/study/service/dto/response/study/StudyWithReviewedParticipantResponse.java","tags":{"FILE_LINE_OF_CODE":"81"}}
{"ts":1719318095688,"action":"IDE_DEACTIVATED"}
{"ts":1719318101584,"action":"IDE_ACTIVATED"}
{"ts":1719318122494,"action":"FILE_CLOSED","file":"/src/main/java/com/ludo/study/studymatchingplatform/study/service/dto/response/study/StudyWithReviewedParticipantResponse.java","tags":{"FILE_LINE_OF_CODE":"80"}}
{"ts":1719318122495,"action":"FILE_OPENED","file":"/src/main/java/com/ludo/study/studymatchingplatform/study/service/dto/response/study/participant/ParticipantUserWithIsReviewed.java","tags":{"FILE_LINE_OF_CODE":"42"}}
{"ts":1719318125190,"action":"FILE_CLOSED","file":"/src/main/java/com/ludo/study/studymatchingplatform/study/service/dto/response/study/participant/ParticipantUserWithIsReviewed.java","tags":{"FILE_LINE_OF_CODE":"42"}}
{"ts":1719318125190,"action":"FILE_OPENED","file":"/src/main/java/com/ludo/study/studymatchingplatform/study/service/dto/response/study/StudyWithReviewedParticipantResponse.java","tags":{"FILE_LINE_OF_CODE":"80"}}
{"ts":1719318138620,"action":"FILE_CLOSED","file":"/src/main/java/com/ludo/study/studymatchingplatform/study/service/dto/response/study/StudyWithReviewedParticipantResponse.java","tags":{"FILE_LINE_OF_CODE":"79"}}
{"ts":1719318138620,"action":"FILE_OPENED","file":"/src/main/java/com/ludo/study/studymatchingplatform/study/service/study/StudyCreateService.java","tags":{"FILE_LINE_OF_CODE":"156"}}
{"ts":1719318144423,"action":"FILE_CLOSED","file":"/src/main/java/com/ludo/study/studymatchingplatform/study/service/study/StudyCreateService.java","tags":{"FILE_LINE_OF_CODE":"156"}}
{"ts":1719318144423,"action":"FILE_OPENED","file":"/src/main/java/com/ludo/study/studymatchingplatform/study/service/dto/response/study/StudyResponse.java","tags":{"FILE_LINE_OF_CODE":"58"}}
{"ts":1719318150902,"action":"FILE_CLOSED","file":"/src/main/java/com/ludo/study/studymatchingplatform/study/service/dto/response/study/StudyResponse.java","tags":{"FILE_LINE_OF_CODE":"56"}}
{"ts":1719318150902,"action":"FILE_OPENED","file":"/src/main/java/com/ludo/study/studymatchingplatform/study/service/study/StudyCreateService.java","tags":{"FILE_LINE_OF_CODE":"156"}}
{"ts":1719318160089,"action":"FILE_CLOSED","file":"/src/main/java/com/ludo/study/studymatchingplatform/study/service/study/StudyCreateService.java","tags":{"FILE_LINE_OF_CODE":"156"}}
{"ts":1719318160089,"action":"FILE_OPENED","file":"/src/main/java/com/ludo/study/studymatchingplatform/study/service/dto/response/study/StudyResponse.java","tags":{"FILE_LINE_OF_CODE":"56"}}
{"ts":1719318167682,"action":"FILE_CLOSED","file":"/src/main/java/com/ludo/study/studymatchingplatform/study/service/dto/response/study/StudyResponse.java","tags":{"FILE_LINE_OF_CODE":"56"}}
{"ts":1719318167682,"action":"FILE_OPENED","file":"/src/main/java/com/ludo/study/studymatchingplatform/study/service/study/StudyCreateService.java","tags":{"FILE_LINE_OF_CODE":"156"}}
{"ts":1719318174692,"action":"FILE_CLOSED","file":"/src/main/java/com/ludo/study/studymatchingplatform/study/service/study/StudyCreateService.java","tags":{"FILE_LINE_OF_CODE":"156"}}
{"ts":1719318174692,"action":"FILE_OPENED","file":"/src/main/java/com/ludo/study/studymatchingplatform/study/service/dto/response/study/StudyResponse.java","tags":{"FILE_LINE_OF_CODE":"56"}}
{"ts":1719318177524,"action":"FILE_CLOSED","file":"/src/main/java/com/ludo/study/studymatchingplatform/study/service/dto/response/study/StudyResponse.java","tags":{"FILE_LINE_OF_CODE":"56"}}
{"ts":1719318177524,"action":"FILE_OPENED","file":"/src/main/java/com/ludo/study/studymatchingplatform/study/service/study/StudyCreateService.java","tags":{"FILE_LINE_OF_CODE":"156"}}
{"ts":1719318193213,"action":"FILE_CLOSED","file":"/src/main/java/com/ludo/study/studymatchingplatform/study/service/study/StudyCreateService.java","tags":{"FILE_LINE_OF_CODE":"156"}}
{"ts":1719318193213,"action":"FILE_OPENED","file":"/src/main/java/com/ludo/study/studymatchingplatform/study/service/dto/response/study/StudyResponse.java","tags":{"FILE_LINE_OF_CODE":"56"}}
{"ts":1719318196682,"action":"FILE_CLOSED","file":"/src/main/java/com/ludo/study/studymatchingplatform/study/service/dto/response/study/StudyResponse.java","tags":{"FILE_LINE_OF_CODE":"56"}}
{"ts":1719318196682,"action":"FILE_OPENED","file":"/src/main/java/com/ludo/study/studymatchingplatform/study/service/study/StudyCreateService.java","tags":{"FILE_LINE_OF_CODE":"156"}}
{"ts":1719318197692,"action":"FILE_CLOSED","file":"/src/main/java/com/ludo/study/studymatchingplatform/study/service/study/StudyCreateService.java","tags":{"FILE_LINE_OF_CODE":"156"}}
{"ts":1719318197692,"action":"FILE_OPENED","file":"/src/main/java/com/ludo/study/studymatchingplatform/study/service/dto/response/study/StudyResponse.java","tags":{"FILE_LINE_OF_CODE":"56"}}
{"ts":1719318222246,"action":"FILE_CLOSED","file":"/src/main/java/com/ludo/study/studymatchingplatform/study/service/dto/response/study/StudyResponse.java","tags":{"FILE_LINE_OF_CODE":"79"}}
{"ts":1719318222246,"action":"FILE_OPENED","file":"/src/main/java/com/ludo/study/studymatchingplatform/study/service/study/StudyCreateService.java","tags":{"FILE_LINE_OF_CODE":"156"}}
{"ts":1719318234066,"action":"FILE_CLOSED","file":"/src/main/java/com/ludo/study/studymatchingplatform/study/service/study/StudyCreateService.java","tags":{"FILE_LINE_OF_CODE":"156"}}
{"ts":1719318234066,"action":"FILE_OPENED","file":"/src/main/java/com/ludo/study/studymatchingplatform/study/repository/study/ReviewRepositoryImpl.java","tags":{"FILE_LINE_OF_CODE":"70"}}
{"ts":1719318249646,"action":"FILE_CLOSED","file":"/src/main/java/com/ludo/study/studymatchingplatform/study/repository/study/ReviewRepositoryImpl.java","tags":{"FILE_LINE_OF_CODE":"70"}}
{"ts":1719318249646,"action":"FILE_OPENED","file":"/build.gradle","tags":{"FILE_LINE_OF_CODE":"97"}}
{"ts":1719318256369,"action":"FILE_CLOSED","file":"/build.gradle","tags":{"FILE_LINE_OF_CODE":"97"}}
{"ts":1719318256369,"action":"FILE_OPENED","file":"/checkstyle.xml","tags":{"FILE_LINE_OF_CODE":"424"}}
{"ts":1719318256877,"action":"FILE_CLOSED","file":"/checkstyle.xml","tags":{"FILE_LINE_OF_CODE":"424"}}
{"ts":1719318256879,"action":"FILE_OPENED","file":"/build.gradle","tags":{"FILE_LINE_OF_CODE":"97"}}
{"ts":1719318260776,"action":"IDE_DEACTIVATED"}
{"ts":1719318287429,"action":"IDE_ACTIVATED"}
{"ts":1719318290872,"action":"IDE_DEACTIVATED"}
{"ts":1719318307252,"action":"IDE_ACTIVATED"}
{"ts":1719318324991,"action":"IDE_DEACTIVATED"}
{"ts":1719318327202,"action":"IDE_ACTIVATED"}
{"ts":1719318334046,"action":"IDE_DEACTIVATED"}
{"ts":1719318335082,"action":"IDE_ACTIVATED"}
{"ts":1719318353240,"action":"IDE_DEACTIVATED"}
{"ts":1719318442378,"action":"IDE_ACTIVATED"}
{"ts":1719318457211,"action":"IDE_DEACTIVATED"}
{"ts":1719318458990,"action":"IDE_ACTIVATED"}
{"ts":1719318462978,"action":"IDE_DEACTIVATED"}
{"ts":1719318470955,"action":"IDE_ACTIVATED"}
{"ts":1719318477527,"action":"IDE_DEACTIVATED"}
{"ts":1719318480234,"action":"IDE_ACTIVATED"}
{"ts":1719318487270,"action":"IDE_DEACTIVATED"}
{"ts":1719318610783,"action":"IDE_ACTIVATED"}
{"ts":1719318630821,"action":"IDE_DEACTIVATED"}
{"ts":1719318632710,"action":"IDE_ACTIVATED"}
{"ts":1719318663342,"action":"IDE_DEACTIVATED"}
{"ts":1719318663343,"action":"IDE_ACTIVATED"}
{"ts":1719318663695,"action":"IDE_DEACTIVATED"}
{"ts":1719318682089,"action":"IDE_ACTIVATED"}
{"ts":1719318687400,"action":"IDE_DEACTIVATED"}
{"ts":1719318710343,"action":"IDE_ACTIVATED"}
{"ts":1719318713876,"action":"FILE_CLOSED","file":"/build.gradle","tags":{"FILE_LINE_OF_CODE":"98"}}
{"ts":1719318713876,"action":"FILE_OPENED","file":"/src/main/java/com/ludo/study/studymatchingplatform/study/repository/study/ReviewRepositoryImpl.java","tags":{"FILE_LINE_OF_CODE":"70"}}
{"ts":1719318723778,"action":"IDE_DEACTIVATED"}
{"ts":1719318730576,"action":"IDE_ACTIVATED"}
{"ts":1719318741552,"action":"IDE_DEACTIVATED"}
{"ts":1719318754013,"action":"IDE_ACTIVATED"}
{"ts":1719318765321,"action":"FILE_CLOSED","file":"/src/main/java/com/ludo/study/studymatchingplatform/study/repository/study/ReviewRepositoryImpl.java","tags":{"FILE_LINE_OF_CODE":"70"}}
{"ts":1719318765321,"action":"FILE_OPENED","file":"/build.gradle","tags":{"FILE_LINE_OF_CODE":"98"}}
{"ts":1719318801332,"action":"IDE_DEACTIVATED"}
{"ts":1719318821138,"action":"IDE_ACTIVATED"}
{"ts":1719318843236,"action":"IDE_DEACTIVATED"}
{"ts":1719319155801,"action":"IDE_ACTIVATED"}
{"ts":1719319158548,"action":"IDE_DEACTIVATED"}
{"ts":1719319168943,"action":"IDE_ACTIVATED"}
{"ts":1719319174829,"action":"IDE_DEACTIVATED"}
{"ts":1719319176779,"action":"IDE_ACTIVATED"}
{"ts":1719319190064,"action":"FILE_CLOSED","file":"/build.gradle","tags":{"FILE_LINE_OF_CODE":"106"}}
{"ts":1719319190064,"action":"FILE_OPENED","file":"/src/main/java/com/ludo/study/studymatchingplatform/StudyMatchingPlatformApplication.java","tags":{"FILE_LINE_OF_CODE":"18"}}
{"ts":1719319219920,"action":"IDE_DEACTIVATED"}
{"ts":1719319226314,"action":"IDE_ACTIVATED"}
{"ts":1719319239667,"action":"IDE_DEACTIVATED"}
{"ts":1719319244786,"action":"IDE_ACTIVATED"}
{"ts":1719319252648,"action":"IDE_DEACTIVATED"}
{"ts":1719319253800,"action":"IDE_ACTIVATED"}
{"ts":1719319256814,"action":"FILE_CLOSED","file":"/src/main/java/com/ludo/study/studymatchingplatform/StudyMatchingPlatformApplication.java","tags":{"FILE_LINE_OF_CODE":"18"}}
{"ts":1719319256814,"action":"FILE_OPENED","file":"/docker-compose.yml","tags":{"FILE_LINE_OF_CODE":"33"}}
{"ts":1719319261446,"action":"FILE_CLOSED","file":"/docker-compose.yml","tags":{"FILE_LINE_OF_CODE":"33"}}
{"ts":1719319261446,"action":"FILE_OPENED","file":"/build.gradle","tags":{"FILE_LINE_OF_CODE":"106"}}
{"ts":1719319269664,"action":"FILE_CLOSED","file":"/build.gradle","tags":{"FILE_LINE_OF_CODE":"106"}}
{"ts":1719319269664,"action":"FILE_OPENED","file":"/src/main/resources/ludo-backend-configuration/application.yaml","tags":{"FILE_LINE_OF_CODE":"113"}}
{"ts":1719319283431,"action":"IDE_DEACTIVATED"}
{"ts":1719319317439,"action":"IDE_ACTIVATED"}
{"ts":1719319319480,"action":"IDE_DEACTIVATED"}
{"ts":1719319335239,"action":"IDE_ACTIVATED"}
{"ts":1719319343403,"action":"IDE_DEACTIVATED"}
{"ts":1719319344844,"action":"IDE_ACTIVATED"}
{"ts":1719319377630,"action":"FILE_CLOSED","file":"/src/main/resources/ludo-backend-configuration/application.yaml","tags":{"FILE_LINE_OF_CODE":"113"}}
{"ts":1719319377630,"action":"FILE_OPENED","file":"/src/e2e/.env","tags":{"FILE_LINE_OF_CODE":"13"}}
{"ts":1719319421079,"action":"IDE_DEACTIVATED"}
{"ts":1719319430788,"action":"IDE_ACTIVATED"}
{"ts":1719319464841,"action":"IDE_DEACTIVATED"}
{"ts":1719319500857,"action":"IDE_ACTIVATED"}
{"ts":1719319519152,"action":"FILE_CLOSED","file":"/src/e2e/.env","tags":{"FILE_LINE_OF_CODE":"13"}}
{"ts":1719319519153,"action":"FILE_OPENED","file":"/src/main/java/com/ludo/study/studymatchingplatform/study/service/dto/response/study/StudyWithReviewedParticipantResponse.java","tags":{"FILE_LINE_OF_CODE":"79"}}
{"ts":1719319535882,"action":"FILE_CLOSED","file":"/src/main/java/com/ludo/study/studymatchingplatform/study/service/dto/response/study/StudyWithReviewedParticipantResponse.java","tags":{"FILE_LINE_OF_CODE":"79"}}
{"ts":1719319535882,"action":"FILE_OPENED","file":"/src/main/java/com/ludo/study/studymatchingplatform/study/service/dto/response/study/participant/ParticipantUserWithIsReviewed.java","tags":{"FILE_LINE_OF_CODE":"42"}}
{"ts":1719319537020,"action":"IDE_DEACTIVATED"}
{"ts":1719319543020,"action":"IDE_ACTIVATED"}
{"ts":1719319546994,"action":"IDE_DEACTIVATED"}
{"ts":1719319555946,"action":"IDE_ACTIVATED"}
{"ts":1719319557725,"action":"IDE_DEACTIVATED"}
{"ts":1719319558808,"action":"IDE_ACTIVATED"}
{"ts":1719319560272,"action":"IDE_DEACTIVATED"}
{"ts":1719319567438,"action":"IDE_ACTIVATED"}
{"ts":1719319568402,"action":"IDE_DEACTIVATED"}
{"ts":1719319572430,"action":"IDE_ACTIVATED"}
{"ts":1719319574595,"action":"IDE_DEACTIVATED"}
{"ts":1719319579387,"action":"IDE_ACTIVATED"}
{"ts":1719319580355,"action":"IDE_DEACTIVATED"}
{"ts":1719319582224,"action":"IDE_ACTIVATED"}
{"ts":1719319583205,"action":"IDE_DEACTIVATED"}
{"ts":1719319584662,"action":"IDE_ACTIVATED"}
{"ts":1719319585550,"action":"IDE_DEACTIVATED"}
{"ts":1719319592097,"action":"IDE_ACTIVATED"}
{"ts":1719319593336,"action":"IDE_DEACTIVATED"}
{"ts":1719319918633,"action":"IDE_ACTIVATED"}
{"ts":1719319923847,"action":"IDE_DEACTIVATED"}
{"ts":1719319938171,"action":"IDE_ACTIVATED"}
{"ts":1719319944501,"action":"FILE_CLOSED","file":"/src/main/java/com/ludo/study/studymatchingplatform/study/service/dto/response/study/participant/ParticipantUserWithIsReviewed.java","tags":{"FILE_LINE_OF_CODE":"42"}}
{"ts":1719319944501,"action":"FILE_OPENED","file":"/src/main/java/com/ludo/study/studymatchingplatform/study/service/dto/request/study/WriteStudyRequest.java","tags":{"FILE_LINE_OF_CODE":"48"}}
{"ts":1719319947127,"action":"IDE_DEACTIVATED"}
{"ts":1719319948330,"action":"IDE_ACTIVATED"}
{"ts":1719319949625,"action":"IDE_DEACTIVATED"}
{"ts":1719319962065,"action":"IDE_ACTIVATED"}
{"ts":1719319963274,"action":"IDE_DEACTIVATED"}
{"ts":1719319965234,"action":"IDE_ACTIVATED"}
{"ts":1719319969106,"action":"IDE_DEACTIVATED"}
{"ts":1719319970498,"action":"IDE_ACTIVATED"}
{"ts":1719319972243,"action":"IDE_DEACTIVATED"}
{"ts":1719319973654,"action":"IDE_ACTIVATED"}
{"ts":1719319992420,"action":"IDE_DEACTIVATED"}
{"ts":1719319996242,"action":"IDE_ACTIVATED"}
{"ts":1719320001472,"action":"FILE_CLOSED","file":"/src/main/java/com/ludo/study/studymatchingplatform/study/service/dto/request/study/WriteStudyRequest.java","tags":{"FILE_LINE_OF_CODE":"48"}}
{"ts":1719320001473,"action":"FILE_OPENED","file":"/src/main/java/com/ludo/study/studymatchingplatform/study/service/dto/request/recruitment/WriteRecruitmentRequest.java","tags":{"FILE_LINE_OF_CODE":"56"}}
{"ts":1719320002634,"action":"IDE_DEACTIVATED"}
{"ts":1719320008391,"action":"IDE_ACTIVATED"}
{"ts":1719320011425,"action":"IDE_DEACTIVATED"}
{"ts":1719320040641,"action":"IDE_ACTIVATED"}
{"ts":1719320045354,"action":"IDE_DEACTIVATED"}
{"ts":1719320069921,"action":"IDE_ACTIVATED"}
{"ts":1719320130859,"action":"IDE_DEACTIVATED"}
{"ts":1719320150860,"action":"IDE_ACTIVATED"}
{"ts":1719320159007,"action":"IDE_DEACTIVATED"}
{"ts":1719320214685,"action":"IDE_ACTIVATED"}
{"ts":1719320221114,"action":"IDE_DEACTIVATED"}
{"ts":1719320223045,"action":"IDE_ACTIVATED"}
{"ts":1719320227832,"action":"IDE_DEACTIVATED"}
{"ts":1719320302064,"action":"IDE_ACTIVATED"}
{"ts":1719320305188,"action":"IDE_DEACTIVATED"}
{"ts":1719320306476,"action":"IDE_ACTIVATED"}
{"ts":1719320310242,"action":"IDE_DEACTIVATED"}
{"ts":1719320312304,"action":"IDE_ACTIVATED"}
{"ts":1719320313146,"action":"IDE_DEACTIVATED"}
{"ts":1719320317265,"action":"IDE_ACTIVATED"}
{"ts":1719320317947,"action":"IDE_DEACTIVATED"}
{"ts":1719320321325,"action":"IDE_ACTIVATED"}
{"ts":1719320338624,"action":"IDE_DEACTIVATED"}
{"ts":1719320348582,"action":"IDE_ACTIVATED"}
{"ts":1719320350556,"action":"IDE_DEACTIVATED"}
{"ts":1719320351560,"action":"IDE_ACTIVATED"}
{"ts":1719320356680,"action":"IDE_DEACTIVATED"}
{"ts":1719320376567,"action":"IDE_ACTIVATED"}
{"ts":1719320379341,"action":"IDE_DEACTIVATED"}
{"ts":1719320454991,"action":"IDE_ACTIVATED"}
{"ts":1719320518463,"action":"IDE_DEACTIVATED"}
{"ts":1719320657899,"action":"IDE_ACTIVATED"}
{"ts":1719320683505,"action":"IDE_DEACTIVATED"}
{"ts":1719320687285,"action":"IDE_ACTIVATED"}
{"ts":1719320708544,"action":"IDE_DEACTIVATED"}
{"ts":1719320716000,"action":"IDE_ACTIVATED"}
{"ts":1719320717393,"action":"IDE_DEACTIVATED"}
{"ts":1719320782542,"action":"IDE_ACTIVATED"}
{"ts":1719320789796,"action":"IDE_DEACTIVATED"}
{"ts":1719320815515,"action":"IDE_ACTIVATED"}
{"ts":1719320817759,"action":"IDE_DEACTIVATED"}
{"ts":1719320839682,"action":"IDE_ACTIVATED"}
{"ts":1719320845579,"action":"IDE_DEACTIVATED"}
{"ts":1719320848250,"action":"IDE_ACTIVATED"}
{"ts":1719320848543,"action":"IDE_DEACTIVATED"}
{"ts":1719320854719,"action":"IDE_ACTIVATED"}
{"ts":1719320880970,"action":"IDE_DEACTIVATED"}
{"ts":1719320890558,"action":"IDE_ACTIVATED"}
{"ts":1719320904528,"action":"IDE_DEACTIVATED"}
{"ts":1719320980011,"action":"IDE_ACTIVATED"}
{"ts":1719320982349,"action":"IDE_DEACTIVATED"}
{"ts":1719320995218,"action":"IDE_ACTIVATED"}
{"ts":1719321004092,"action":"IDE_DEACTIVATED"}
{"ts":1719321007796,"action":"IDE_ACTIVATED"}
{"ts":1719321008634,"action":"IDE_DEACTIVATED"}
{"ts":1719321019511,"action":"IDE_ACTIVATED"}
{"ts":1719321020393,"action":"IDE_DEACTIVATED"}
{"ts":1719321021337,"action":"IDE_ACTIVATED"}
{"ts":1719321024602,"action":"IDE_DEACTIVATED"}
{"ts":1719321384051,"action":"IDE_ACTIVATED"}
{"ts":1719321394661,"action":"IDE_DEACTIVATED"}
{"ts":1719321442778,"action":"IDE_ACTIVATED"}
{"ts":1719321449604,"action":"IDE_DEACTIVATED"}
{"ts":1719321450551,"action":"IDE_ACTIVATED"}
{"ts":1719321454659,"action":"FILE_CLOSED","file":"/src/main/java/com/ludo/study/studymatchingplatform/study/service/dto/request/recruitment/WriteRecruitmentRequest.java","tags":{"FILE_LINE_OF_CODE":"57"}}
{"ts":1719321454659,"action":"FILE_OPENED","file":"/src/main/java/com/ludo/study/studymatchingplatform/study/service/study/StudyFetchService.java","tags":{"FILE_LINE_OF_CODE":"54"}}
{"ts":1719321456984,"action":"IDE_DEACTIVATED"}
{"ts":1719321458648,"action":"IDE_ACTIVATED"}
{"ts":1719321466910,"action":"IDE_DEACTIVATED"}
{"ts":1719321476026,"action":"IDE_ACTIVATED"}
{"ts":1719321478524,"action":"IDE_DEACTIVATED"}
{"ts":1719321500660,"action":"IDE_ACTIVATED"}
{"ts":1719321509741,"action":"IDE_DEACTIVATED"}
{"ts":1719321568872,"action":"IDE_ACTIVATED"}
{"ts":1719321570480,"action":"IDE_DEACTIVATED"}
{"ts":1719321603254,"action":"IDE_ACTIVATED"}
{"ts":1719321607053,"action":"IDE_DEACTIVATED"}
{"ts":1719321637160,"action":"IDE_ACTIVATED"}
{"ts":1719321646011,"action":"IDE_DEACTIVATED"}
{"ts":1719321649646,"action":"IDE_ACTIVATED"}
{"ts":1719321676363,"action":"IDE_DEACTIVATED"}
{"ts":1719321727470,"action":"IDE_ACTIVATED"}
{"ts":1719321756608,"action":"FILE_CLOSED","file":"/src/main/java/com/ludo/study/studymatchingplatform/study/service/study/StudyFetchService.java","tags":{"FILE_LINE_OF_CODE":"54"}}
{"ts":1719321756608,"action":"FILE_OPENED","file":"/src/main/java/com/ludo/study/studymatchingplatform/study/service/study/StudyStatusService.java","tags":{"FILE_LINE_OF_CODE":"85"}}
{"ts":1719321773188,"action":"IDE_DEACTIVATED"}
{"ts":1719321775641,"action":"IDE_ACTIVATED"}
{"ts":1719321781815,"action":"IDE_DEACTIVATED"}
{"ts":1719321784359,"action":"IDE_ACTIVATED"}
{"ts":1719321788919,"action":"IDE_DEACTIVATED"}
{"ts":1719321790169,"action":"IDE_ACTIVATED"}
{"ts":1719321793539,"action":"IDE_DEACTIVATED"}
{"ts":1719321793983,"action":"IDE_ACTIVATED"}
{"ts":1719321795652,"action":"IDE_DEACTIVATED"}
{"ts":1719321801768,"action":"IDE_ACTIVATED"}
{"ts":1719321862813,"action":"FILE_CLOSED","file":"/src/main/java/com/ludo/study/studymatchingplatform/study/service/study/StudyStatusService.java","tags":{"FILE_LINE_OF_CODE":"85"}}
{"ts":1719321862813,"action":"FILE_OPENED","file":"/src/main/java/com/ludo/study/studymatchingplatform/study/service/dto/response/study/StudyStatisticsService.java","tags":{"FILE_LINE_OF_CODE":"52"}}
{"ts":1719321866607,"action":"FILE_CLOSED","file":"/src/main/java/com/ludo/study/studymatchingplatform/study/service/dto/response/study/StudyStatisticsService.java","tags":{"FILE_LINE_OF_CODE":"52"}}
{"ts":1719321866607,"action":"FILE_OPENED","file":"/src/main/java/com/ludo/study/studymatchingplatform/study/service/study/StudyStatusService.java","tags":{"FILE_LINE_OF_CODE":"85"}}
{"ts":1719321900648,"action":"IDE_DEACTIVATED"}
{"ts":1719321955554,"action":"IDE_ACTIVATED"}
{"ts":1719322039690,"action":"IDE_DEACTIVATED"}
{"ts":1719322041019,"action":"IDE_ACTIVATED"}
{"ts":1719322041288,"action":"IDE_DEACTIVATED"}
{"ts":1719322111117,"action":"IDE_ACTIVATED"}
{"ts":1719322225351,"action":"IDE_DEACTIVATED"}
{"ts":1719322234585,"action":"IDE_ACTIVATED"}
{"ts":1719322248204,"action":"IDE_DEACTIVATED"}
{"ts":1719322254984,"action":"FILE_CLOSED","file":"/src/main/java/com/ludo/study/studymatchingplatform/study/service/study/StudyStatusService.java","tags":{"FILE_LINE_OF_CODE":"85"}}
{"ts":1719322254984,"action":"FILE_OPENED","file":"/src/main/java/com/ludo/study/studymatchingplatform/study/service/dto/request/recruitment/WriteRecruitmentRequest.java","tags":{"FILE_LINE_OF_CODE":"57"}}
{"ts":1719322255051,"action":"IDE_ACTIVATED"}
{"ts":1719322260869,"action":"FILE_CLOSED","file":"/src/main/java/com/ludo/study/studymatchingplatform/study/service/dto/request/recruitment/WriteRecruitmentRequest.java","tags":{"FILE_LINE_OF_CODE":"57"}}
{"ts":1719322260869,"action":"FILE_OPENED","file":"/src/main/java/com/ludo/study/studymatchingplatform/study/service/study/StudyStatusService.java","tags":{"FILE_LINE_OF_CODE":"85"}}
{"ts":1719322267762,"action":"FILE_CLOSED","file":"/src/main/java/com/ludo/study/studymatchingplatform/study/service/study/StudyStatusService.java","tags":{"FILE_LINE_OF_CODE":"85"}}
{"ts":1719322324201,"action":"FILE_OPENED","file":"/src/main/java/com/ludo/study/studymatchingplatform/study/service/study/StudyStatusService.java","tags":{"FILE_LINE_OF_CODE":"85"}}
{"ts":1719322335614,"action":"IDE_DEACTIVATED"}
{"ts":1719322355047,"action":"IDE_ACTIVATED"}
{"ts":1719322367315,"action":"IDE_DEACTIVATED"}
{"ts":1719322367955,"action":"IDE_ACTIVATED"}
{"ts":1719322370114,"action":"IDE_DEACTIVATED"}
{"ts":1719322379173,"action":"IDE_ACTIVATED"}
{"ts":1719322381386,"action":"IDE_DEACTIVATED"}
{"ts":1719322385656,"action":"IDE_ACTIVATED"}
{"ts":1719322393895,"action":"FILE_CLOSED","file":"/src/main/java/com/ludo/study/studymatchingplatform/study/service/study/StudyStatusService.java","tags":{"FILE_LINE_OF_CODE":"85"}}
{"ts":1719322393896,"action":"FILE_OPENED","file":"/src/main/java/com/ludo/study/studymatchingplatform/study/service/dto/response/study/StudyStatisticsService.java","tags":{"FILE_LINE_OF_CODE":"52"}}
{"ts":1719322475855,"action":"IDE_DEACTIVATED"}
{"ts":1719322477170,"action":"IDE_ACTIVATED"}
{"ts":1719322477192,"action":"IDE_DEACTIVATED"}
{"ts":1719322477237,"action":"IDE_ACTIVATED"}
{"ts":1719322561328,"action":"IDE_DEACTIVATED"}
{"ts":1719322600673,"action":"IDE_ACTIVATED"}
{"ts":1719322782397,"action":"FILE_CLOSED","file":"/src/main/java/com/ludo/study/studymatchingplatform/study/service/dto/response/study/StudyStatisticsService.java","tags":{"FILE_LINE_OF_CODE":"53"}}
{"ts":1719322782397,"action":"FILE_OPENED","file":"/src/main/java/com/ludo/study/studymatchingplatform/study/service/study/StudyStatusService.java","tags":{"FILE_LINE_OF_CODE":"85"}}
{"ts":1719322888876,"action":"FILE_CLOSED","file":"/src/main/java/com/ludo/study/studymatchingplatform/study/service/study/StudyStatusService.java","tags":{"FILE_LINE_OF_CODE":"85"}}
{"ts":1719322888876,"action":"FILE_OPENED","file":"/src/main/java/com/ludo/study/studymatchingplatform/study/service/dto/response/study/StudyResponse.java","tags":{"FILE_LINE_OF_CODE":"79"}}
{"ts":1719322891045,"action":"FILE_CLOSED","file":"/src/main/java/com/ludo/study/studymatchingplatform/study/service/dto/response/study/StudyResponse.java","tags":{"FILE_LINE_OF_CODE":"79"}}
{"ts":1719322891049,"action":"FILE_OPENED","file":"/src/main/java/com/ludo/study/studymatchingplatform/study/service/study/StudyStatusService.java","tags":{"FILE_LINE_OF_CODE":"85"}}
{"ts":1719322935138,"action":"IDE_DEACTIVATED"}
{"ts":1719322944074,"action":"IDE_ACTIVATED"}
{"ts":1719322950231,"action":"IDE_DEACTIVATED"}
{"ts":1719322963275,"action":"IDE_ACTIVATED"}
{"ts":1719322971778,"action":"IDE_DEACTIVATED"}
{"ts":1719322988545,"action":"IDE_ACTIVATED"}
{"ts":1719323008902,"action":"IDE_DEACTIVATED"}
{"ts":1719323023197,"action":"IDE_ACTIVATED"}
{"ts":1719323042927,"action":"FILE_CLOSED","file":"/src/main/java/com/ludo/study/studymatchingplatform/study/service/study/StudyStatusService.java","tags":{"FILE_LINE_OF_CODE":"85"}}
{"ts":1719323042927,"action":"FILE_OPENED","file":"/src/main/java/com/ludo/study/studymatchingplatform/study/service/dto/response/study/StudyStatisticsService.java","tags":{"FILE_LINE_OF_CODE":"53"}}
{"ts":1719323071767,"action":"IDE_DEACTIVATED"}
{"ts":1719323074448,"action":"IDE_ACTIVATED"}
{"ts":1719323078026,"action":"IDE_DEACTIVATED"}
{"ts":1719323081416,"action":"IDE_ACTIVATED"}
{"ts":1719323092017,"action":"FILE_CLOSED","file":"/src/main/java/com/ludo/study/studymatchingplatform/study/service/dto/response/study/StudyStatisticsService.java","tags":{"FILE_LINE_OF_CODE":"53"}}
{"ts":1719323092017,"action":"FILE_OPENED","file":"/src/main/java/com/ludo/study/studymatchingplatform/study/service/study/StudyStatusService.java","tags":{"FILE_LINE_OF_CODE":"85"}}
{"ts":1719323110380,"action":"IDE_DEACTIVATED"}
{"ts":1719323117070,"action":"IDE_ACTIVATED"}
{"ts":1719323126961,"action":"FILE_CLOSED","file":"/src/main/java/com/ludo/study/studymatchingplatform/study/service/study/StudyStatusService.java","tags":{"FILE_LINE_OF_CODE":"85"}}
{"ts":1719323126961,"action":"FILE_OPENED","file":"/src/main/java/com/ludo/study/studymatchingplatform/study/service/dto/response/study/StudyStatisticsService.java","tags":{"FILE_LINE_OF_CODE":"53"}}
{"ts":1719323136878,"action":"FILE_CLOSED","file":"/src/main/java/com/ludo/study/studymatchingplatform/study/service/dto/response/study/StudyStatisticsService.java","tags":{"FILE_LINE_OF_CODE":"53"}}
{"ts":1719323140230,"action":"FILE_OPENED","file":"/src/main/java/com/ludo/study/studymatchingplatform/study/service/study/StudyStatusService.java","tags":{"FILE_LINE_OF_CODE":"85"}}
{"ts":1719323143228,"action":"FILE_CLOSED","file":"/src/main/java/com/ludo/study/studymatchingplatform/study/service/study/StudyStatusService.java","tags":{"FILE_LINE_OF_CODE":"85"}}
{"ts":1719323143228,"action":"FILE_OPENED","file":"/src/main/java/com/ludo/study/studymatchingplatform/study/service/study/StudyFetchService.java","tags":{"FILE_LINE_OF_CODE":"54"}}
{"ts":1719323162392,"action":"IDE_DEACTIVATED"}
{"ts":1719323172000,"action":"IDE_ACTIVATED"}
{"ts":1719323173574,"action":"IDE_DEACTIVATED"}
{"ts":1719323174535,"action":"IDE_ACTIVATED"}
{"ts":1719323187619,"action":"FILE_CLOSED","file":"/src/main/java/com/ludo/study/studymatchingplatform/study/service/study/StudyFetchService.java","tags":{"FILE_LINE_OF_CODE":"54"}}
{"ts":1719323187619,"action":"FILE_OPENED","file":"/src/main/java/com/ludo/study/studymatchingplatform/study/service/study/StudyStatusService.java","tags":{"FILE_LINE_OF_CODE":"85"}}
{"ts":1719323196179,"action":"FILE_CLOSED","file":"/src/main/java/com/ludo/study/studymatchingplatform/study/service/study/StudyStatusService.java","tags":{"FILE_LINE_OF_CODE":"85"}}
{"ts":1719323198303,"action":"FILE_OPENED","file":"/src/main/java/com/ludo/study/studymatchingplatform/study/service/study/StudyStatusService.java","tags":{"FILE_LINE_OF_CODE":"85"}}
{"ts":1719323202756,"action":"FILE_CLOSED","file":"/src/main/java/com/ludo/study/studymatchingplatform/study/service/study/StudyStatusService.java","tags":{"FILE_LINE_OF_CODE":"85"}}
{"ts":1719323202756,"action":"FILE_OPENED","file":"/src/main/java/com/ludo/study/studymatchingplatform/study/service/dto/response/study/StudyStatisticsService.java","tags":{"FILE_LINE_OF_CODE":"53"}}
{"ts":1719323209256,"action":"FILE_CLOSED","file":"/src/main/java/com/ludo/study/studymatchingplatform/study/service/dto/response/study/StudyStatisticsService.java","tags":{"FILE_LINE_OF_CODE":"53"}}
{"ts":1719323209256,"action":"FILE_OPENED","file":"/src/main/java/com/ludo/study/studymatchingplatform/study/service/study/StudyStatusService.java","tags":{"FILE_LINE_OF_CODE":"85"}}
{"ts":1719323245426,"action":"IDE_DEACTIVATED"}
{"ts":1719323247430,"action":"IDE_ACTIVATED"}
{"ts":1719323248274,"action":"IDE_DEACTIVATED"}
{"ts":1719323249264,"action":"IDE_ACTIVATED"}
{"ts":1719323250625,"action":"IDE_DEACTIVATED"}
{"ts":1719323251740,"action":"IDE_ACTIVATED"}
{"ts":1719323253364,"action":"FILE_CLOSED","file":"/src/main/java/com/ludo/study/studymatchingplatform/study/service/study/StudyStatusService.java","tags":{"FILE_LINE_OF_CODE":"85"}}
{"ts":1719323253364,"action":"FILE_OPENED","file":"/src/main/java/com/ludo/study/studymatchingplatform/study/service/study/StudyFetchService.java","tags":{"FILE_LINE_OF_CODE":"54"}}
{"ts":1719323269674,"action":"FILE_CLOSED","file":"/src/main/java/com/ludo/study/studymatchingplatform/study/service/study/StudyFetchService.java","tags":{"FILE_LINE_OF_CODE":"54"}}
{"ts":1719323269674,"action":"FILE_OPENED","file":"/src/main/java/com/ludo/study/studymatchingplatform/study/service/study/StudyStatusService.java","tags":{"FILE_LINE_OF_CODE":"85"}}
{"ts":1719323289043,"action":"IDE_DEACTIVATED"}
{"ts":1719323293757,"action":"IDE_ACTIVATED"}
{"ts":1719323400644,"action":"FILE_CLOSED","file":"/src/main/java/com/ludo/study/studymatchingplatform/study/service/study/StudyStatusService.java","tags":{"FILE_LINE_OF_CODE":"85"}}
{"ts":1719323400644,"action":"FILE_OPENED","file":"/src/main/java/com/ludo/study/studymatchingplatform/study/service/dto/response/study/StudyStatisticsService.java","tags":{"FILE_LINE_OF_CODE":"53"}}
{"ts":1719323428476,"action":"FILE_CLOSED","file":"/src/main/java/com/ludo/study/studymatchingplatform/study/service/dto/response/study/StudyStatisticsService.java","tags":{"FILE_LINE_OF_CODE":"53"}}
{"ts":1719323428476,"action":"FILE_OPENED","file":"/src/main/java/com/ludo/study/studymatchingplatform/study/repository/study/StudyStatisticsRepositoryImpl.java","tags":{"FILE_LINE_OF_CODE":"38"}}
{"ts":1719323522384,"action":"FILE_CLOSED","file":"/src/main/java/com/ludo/study/studymatchingplatform/study/repository/study/StudyStatisticsRepositoryImpl.java","tags":{"FILE_LINE_OF_CODE":"38"}}
{"ts":1719323522384,"action":"FILE_OPENED","file":"/src/main/java/com/ludo/study/studymatchingplatform/study/service/dto/response/study/StudyStatisticsService.java","tags":{"FILE_LINE_OF_CODE":"53"}}
{"ts":1719323525953,"action":"FILE_CLOSED","file":"/src/main/java/com/ludo/study/studymatchingplatform/study/service/dto/response/study/StudyStatisticsService.java","tags":{"FILE_LINE_OF_CODE":"53"}}
{"ts":1719323525953,"action":"FILE_OPENED","file":"/src/main/java/com/ludo/study/studymatchingplatform/study/repository/study/StudyStatisticsRepositoryImpl.java","tags":{"FILE_LINE_OF_CODE":"38"}}
{"ts":1719323656946,"action":"IDE_DEACTIVATED"}
{"ts":1719323661982,"action":"IDE_ACTIVATED"}
{"ts":1719323687221,"action":"IDE_DEACTIVATED"}
{"ts":1719323732011,"action":"IDE_ACTIVATED"}
{"ts":1719323736869,"action":"FILE_CLOSED","file":"/src/main/java/com/ludo/study/studymatchingplatform/study/repository/study/StudyStatisticsRepositoryImpl.java","tags":{"FILE_LINE_OF_CODE":"39"}}
{"ts":1719323736870,"action":"FILE_OPENED","file":"/src/main/java/com/ludo/study/studymatchingplatform/study/service/dto/response/study/StudyStatisticsService.java","tags":{"FILE_LINE_OF_CODE":"53"}}
{"ts":1719323745220,"action":"FILE_CLOSED","file":"/src/main/java/com/ludo/study/studymatchingplatform/study/service/dto/response/study/StudyStatisticsService.java","tags":{"FILE_LINE_OF_CODE":"53"}}
{"ts":1719323745220,"action":"FILE_OPENED","file":"/src/main/java/com/ludo/study/studymatchingplatform/study/service/study/StudyStatusService.java","tags":{"FILE_LINE_OF_CODE":"85"}}
{"ts":1719323769733,"action":"FILE_CLOSED","file":"/src/main/java/com/ludo/study/studymatchingplatform/study/service/study/StudyStatusService.java","tags":{"FILE_LINE_OF_CODE":"85"}}
{"ts":1719323769733,"action":"FILE_OPENED","file":"/src/main/java/com/ludo/study/studymatchingplatform/study/service/study/StudyService.java","tags":{"FILE_LINE_OF_CODE":"256"}}
{"ts":1719323777645,"action":"FILE_CLOSED","file":"/src/main/java/com/ludo/study/studymatchingplatform/study/service/study/StudyService.java","tags":{"FILE_LINE_OF_CODE":"256"}}
{"ts":1719323777646,"action":"FILE_OPENED","file":"/src/main/java/com/ludo/study/studymatchingplatform/study/service/study/StudyFetchService.java","tags":{"FILE_LINE_OF_CODE":"54"}}
{"ts":1719323792240,"action":"FILE_CLOSED","file":"/src/main/java/com/ludo/study/studymatchingplatform/study/service/study/StudyFetchService.java","tags":{"FILE_LINE_OF_CODE":"54"}}
{"ts":1719323792241,"action":"FILE_OPENED","file":"/src/main/java/com/ludo/study/studymatchingplatform/study/service/dto/response/study/StudyWithReviewedParticipantResponse.java","tags":{"FILE_LINE_OF_CODE":"79"}}
{"ts":1719323829734,"action":"FILE_CLOSED","file":"/src/main/java/com/ludo/study/studymatchingplatform/study/service/dto/response/study/StudyWithReviewedParticipantResponse.java","tags":{"FILE_LINE_OF_CODE":"79"}}
{"ts":1719323829734,"action":"FILE_OPENED","file":"/src/main/java/com/ludo/study/studymatchingplatform/study/service/dto/response/study/participant/ParticipantUserWithIsReviewed.java","tags":{"FILE_LINE_OF_CODE":"42"}}
{"ts":1719323831938,"action":"FILE_CLOSED","file":"/src/main/java/com/ludo/study/studymatchingplatform/study/service/dto/response/study/participant/ParticipantUserWithIsReviewed.java","tags":{"FILE_LINE_OF_CODE":"42"}}
{"ts":1719323831938,"action":"FILE_OPENED","file":"/src/main/java/com/ludo/study/studymatchingplatform/study/service/dto/response/study/StudyWithReviewedParticipantResponse.java","tags":{"FILE_LINE_OF_CODE":"79"}}
{"ts":1719323838203,"action":"IDE_DEACTIVATED"}
{"ts":1719323854457,"action":"IDE_ACTIVATED"}
{"ts":1719323870121,"action":"FILE_CLOSED","file":"/src/main/java/com/ludo/study/studymatchingplatform/study/service/dto/response/study/StudyWithReviewedParticipantResponse.java","tags":{"FILE_LINE_OF_CODE":"79"}}
{"ts":1719323870121,"action":"FILE_OPENED","file":"/src/main/java/com/ludo/study/studymatchingplatform/study/service/study/StudyFetchService.java","tags":{"FILE_LINE_OF_CODE":"54"}}
{"ts":1719323890115,"action":"IDE_DEACTIVATED"}
{"ts":1719323903117,"action":"IDE_ACTIVATED"}
{"ts":1719323909441,"action":"FILE_CLOSED","file":"/src/main/java/com/ludo/study/studymatchingplatform/study/service/study/StudyFetchService.java","tags":{"FILE_LINE_OF_CODE":"53"}}
{"ts":1719323909441,"action":"FILE_OPENED","file":"/src/main/java/com/ludo/study/studymatchingplatform/study/service/dto/response/study/StudyWithReviewedParticipantResponse.java","tags":{"FILE_LINE_OF_CODE":"79"}}
{"ts":1719323915082,"action":"IDE_DEACTIVATED"}
{"ts":1719323923536,"action":"IDE_ACTIVATED"}
{"ts":1719323926944,"action":"IDE_DEACTIVATED"}
{"ts":1719324095298,"action":"IDE_ACTIVATED"}
